Removed Pin From Net: NetName=PTB6 Pin=C7-1
Removed Pin From Net: NetName=CPU_RESET_B Pin=J2-6
Removed Pin From Net: NetName=EXTAL Pin=J2-20
Removed Pin From Net: NetName=ADC1_SE7 Pin=J2-21
Removed Pin From Net: NetName=ADC1_SE8 Pin=J2-22
Removed Pin From Net: NetName=ADC0_SE15 Pin=J3-4
Removed Pin From Net: NetName=MCU_SENSE Pin=J3-19
Removed Pin From Net: NetName=ADC1_SE11 Pin=J3-21
Removed Pin From Net: NetName=ACMP0_IN3 Pin=J3-23
Removed Pin From Net: NetName=EXTAL Pin=SOCKET1-11
Removed Pin From Net: NetName=CPU_RESET_B Pin=SOCKET1-63
Removed Pin From Net: NetName=PTB6 Pin=Y1-2
Added Pin To Net: NetName=ACMP0_IN3 Pin=C7-1
Added Pin To Net: NetName=MCU_SENSE Pin=J2-22
Added Pin To Net: NetName=ADC1_SE11 Pin=J3-4
Added Pin To Net: NetName=ADC1_SE8 Pin=J3-19
Added Pin To Net: NetName=ADC1_SE7 Pin=J3-21
Added Pin To Net: NetName=ADC0_SE15 Pin=J3-23
Added Pin To Net: NetName=PTD1 Pin=SOCKET1-1
Added Pin To Net: NetName=PTD0 Pin=SOCKET1-2
Added Pin To Net: NetName=PTE11 Pin=SOCKET1-3
Added Pin To Net: NetName=PTE10 Pin=SOCKET1-4
Added Pin To Net: NetName=PTE5 Pin=SOCKET1-5
Added Pin To Net: NetName=ADC1_SE8 Pin=SOCKET1-6
Added Pin To Net: NetName=PTE3 Pin=SOCKET1-13
Added Pin To Net: NetName=PTD16 Pin=SOCKET1-14
Added Pin To Net: NetName=PTD15 Pin=SOCKET1-15
Added Pin To Net: NetName=PTE9 Pin=SOCKET1-16
Added Pin To Net: NetName=ADC0_SE15 Pin=SOCKET1-17
Added Pin To Net: NetName=PTC3 Pin=SOCKET1-20
Added Pin To Net: NetName=PTC2 Pin=SOCKET1-21
Added Pin To Net: NetName=PTD7 Pin=SOCKET1-22
Added Pin To Net: NetName=PTD6 Pin=SOCKET1-23
Added Pin To Net: NetName=PTD5 Pin=SOCKET1-24
Added Pin To Net: NetName=ADC1_SE11 Pin=SOCKET1-27
Added Pin To Net: NetName=PTC16 Pin=SOCKET1-28
Added Pin To Net: NetName=PTC15 Pin=SOCKET1-29
Added Pin To Net: NetName=PTC14 Pin=SOCKET1-30
Added Pin To Net: NetName=PTC9 Pin=SOCKET1-35
Added Pin To Net: NetName=PTC8 Pin=SOCKET1-36
Added Pin To Net: NetName=PTE7 Pin=SOCKET1-39
Added Pin To Net: NetName=MCU_SENSE Pin=SOCKET1-42
Added Pin To Net: NetName=PTD4 Pin=SOCKET1-44
Added Pin To Net: NetName=PTD3 Pin=SOCKET1-45
Added Pin To Net: NetName=PTD2 Pin=SOCKET1-46
Added Pin To Net: NetName=PTC7 Pin=SOCKET1-51
Added Pin To Net: NetName=PTC6 Pin=SOCKET1-52
Added Pin To Net: NetName=ADC1_SE7 Pin=SOCKET1-53
Added Pin To Net: NetName=PTE2 Pin=SOCKET1-54
Added Pin To Net: NetName=PTE1 Pin=SOCKET1-59
Added Pin To Net: NetName=PTE0 Pin=SOCKET1-60
Added Pin To Net: NetName=JTAG_TDI Pin=SOCKET1-61
Added Pin To Net: NetName=PTC4 Pin=SOCKET1-62
Added Pin To Net: NetName=ACMP0_IN3 Pin=Y1-2
Change Net Name : Old Net Name=ACMP0_IN3 New Net Name=XTAL
Change Net Name : Old Net Name=ADC0_SE0_ACMP0_IN0 New Net Name=PTA0
Change Net Name : Old Net Name=ADC0_SE6 New Net Name=PTB2
Change Net Name : Old Net Name=ADC0_SE7 New Net Name=PTB3
Change Net Name : Old Net Name=ADC0_SE8 New Net Name=PTC0
Change Net Name : Old Net Name=ADC0_SE15 New Net Name=PTE8
Change Net Name : Old Net Name=ADC1_SE0 New Net Name=PTA2
Change Net Name : Old Net Name=ADC1_SE7 New Net Name=PTE6
Change Net Name : Old Net Name=ADC1_SE8 New Net Name=PTE4
Change Net Name : Old Net Name=ADC1_SE11 New Net Name=PTC17
Change Net Name : Old Net Name=JTAG_TDI New Net Name=PTC5
Change Net Name : Old Net Name=JTAG_TDO New Net Name=PTA10
Change Net Name : Old Net Name=MCU_SENSE New Net Name=PTB13
Added Pin To Net: NetName=PTA5 Pin=J2-6
Added Pin To Net: NetName=PTA5 Pin=SOCKET1-63
Added Net: Name=PTA5
Added Pin To Net: NetName=PTB7 Pin=J2-20
Added Pin To Net: NetName=PTB7 Pin=SOCKET1-11
Added Net: Name=PTB7
Added Pin To Net: NetName=PTB12 Pin=J2-21
Added Pin To Net: NetName=PTB12 Pin=SOCKET1-43
Added Net: Name=PTB12
