Removed Pin From Net: NetName=VBAT Pin=B1-1
Removed Pin From Net: NetName=GND Pin=B1-2
Removed Pin From Net: NetName=RESET Pin=C2-2
Removed Pin From Net: NetName=NetC5_1 Pin=C5-1
Removed Pin From Net: NetName=GND Pin=C5-2
Removed Pin From Net: NetName=NetC6_1 Pin=C6-1
Removed Pin From Net: NetName=GND Pin=C6-2
Removed Pin From Net: NetName=JTDO Pin=J1-13
Removed Pin From Net: NetName=NetC5_1 Pin=J3-1
Removed Pin From Net: NetName=PIN31 Pin=J3-2
Removed Pin From Net: NetName=GND Pin=J3-3
Removed Pin From Net: NetName=NetC6_1 Pin=J4-1
Removed Pin From Net: NetName=PIN47 Pin=J4-2
Removed Pin From Net: NetName=GND Pin=J4-3
Removed Pin From Net: NetName=JTMS Pin=PORTA-14
Removed Pin From Net: NetName=JTCK Pin=PORTA-15
Removed Pin From Net: NetName=JTDI Pin=PORTA-16
Removed Pin From Net: NetName=BOOT1 Pin=PORTB-3
Removed Pin From Net: NetName=JNRST Pin=PORTB-5
Removed Pin From Net: NetName=BOOT0 Pin=R3-2
Removed Pin From Net: NetName=3.3V Pin=R4-1
Removed Pin From Net: NetName=RESET Pin=R4-2
Removed Pin From Net: NetName=BOOT1 Pin=R6-2
Removed Pin From Net: NetName=RESET Pin=RESET-4
Removed Pin From Net: NetName=VBAT Pin=SOCKET1-1
Removed Pin From Net: NetName=PC13 Pin=SOCKET1-2
Removed Pin From Net: NetName=PC14 Pin=SOCKET1-3
Removed Pin From Net: NetName=PC15 Pin=SOCKET1-4
Removed Pin From Net: NetName=PD0 Pin=SOCKET1-5
Removed Pin From Net: NetName=PD1 Pin=SOCKET1-6
Removed Pin From Net: NetName=RESET Pin=SOCKET1-7
Removed Pin From Net: NetName=PC0 Pin=SOCKET1-8
Removed Pin From Net: NetName=PC1 Pin=SOCKET1-9
Removed Pin From Net: NetName=PC2 Pin=SOCKET1-10
Removed Pin From Net: NetName=PC3 Pin=SOCKET1-11
Removed Pin From Net: NetName=GND Pin=SOCKET1-12
Removed Pin From Net: NetName=3.3V Pin=SOCKET1-13
Removed Pin From Net: NetName=PA0 Pin=SOCKET1-14
Removed Pin From Net: NetName=PA1 Pin=SOCKET1-15
Removed Pin From Net: NetName=PA2 Pin=SOCKET1-16
Removed Pin From Net: NetName=PA3 Pin=SOCKET1-17
Removed Pin From Net: NetName=GND Pin=SOCKET1-18
Removed Pin From Net: NetName=3.3V Pin=SOCKET1-19
Removed Pin From Net: NetName=PA4 Pin=SOCKET1-20
Removed Pin From Net: NetName=PA5 Pin=SOCKET1-21
Removed Pin From Net: NetName=PA6 Pin=SOCKET1-22
Removed Pin From Net: NetName=PA7 Pin=SOCKET1-23
Removed Pin From Net: NetName=PC4 Pin=SOCKET1-24
Removed Pin From Net: NetName=PC5 Pin=SOCKET1-25
Removed Pin From Net: NetName=PB0 Pin=SOCKET1-26
Removed Pin From Net: NetName=PB1 Pin=SOCKET1-27
Removed Pin From Net: NetName=BOOT1 Pin=SOCKET1-28
Removed Pin From Net: NetName=PB10 Pin=SOCKET1-29
Removed Pin From Net: NetName=PB11 Pin=SOCKET1-30
Removed Pin From Net: NetName=PIN31 Pin=SOCKET1-31
Removed Pin From Net: NetName=3.3V Pin=SOCKET1-32
Removed Pin From Net: NetName=PB12 Pin=SOCKET1-33
Removed Pin From Net: NetName=PB13 Pin=SOCKET1-34
Removed Pin From Net: NetName=PB14 Pin=SOCKET1-35
Removed Pin From Net: NetName=PB15 Pin=SOCKET1-36
Removed Pin From Net: NetName=PC6 Pin=SOCKET1-37
Removed Pin From Net: NetName=PC7 Pin=SOCKET1-38
Removed Pin From Net: NetName=PC8 Pin=SOCKET1-39
Removed Pin From Net: NetName=PC9 Pin=SOCKET1-40
Removed Pin From Net: NetName=PA8 Pin=SOCKET1-41
Removed Pin From Net: NetName=PA9 Pin=SOCKET1-42
Removed Pin From Net: NetName=PA10 Pin=SOCKET1-43
Removed Pin From Net: NetName=PA11 Pin=SOCKET1-44
Removed Pin From Net: NetName=PA12 Pin=SOCKET1-45
Removed Pin From Net: NetName=JTMS Pin=SOCKET1-46
Removed Pin From Net: NetName=PIN47 Pin=SOCKET1-47
Removed Pin From Net: NetName=3.3V Pin=SOCKET1-48
Removed Pin From Net: NetName=JTCK Pin=SOCKET1-49
Removed Pin From Net: NetName=JTDI Pin=SOCKET1-50
Removed Pin From Net: NetName=PC10 Pin=SOCKET1-51
Removed Pin From Net: NetName=PC11 Pin=SOCKET1-52
Removed Pin From Net: NetName=PC12 Pin=SOCKET1-53
Removed Pin From Net: NetName=PD2 Pin=SOCKET1-54
Removed Pin From Net: NetName=JTDO Pin=SOCKET1-55
Removed Pin From Net: NetName=JNRST Pin=SOCKET1-56
Removed Pin From Net: NetName=PB5 Pin=SOCKET1-57
Removed Pin From Net: NetName=PB6 Pin=SOCKET1-58
Removed Pin From Net: NetName=PB7 Pin=SOCKET1-59
Removed Pin From Net: NetName=BOOT0 Pin=SOCKET1-60
Removed Pin From Net: NetName=PB8 Pin=SOCKET1-61
Removed Pin From Net: NetName=PB9 Pin=SOCKET1-62
Removed Pin From Net: NetName=GND Pin=SOCKET1-63
Removed Pin From Net: NetName=3.3V Pin=SOCKET1-64
Removed Pin From Net: NetName=PA5 Pin=SPI1-5
Removed Pin From Net: NetName=PA7 Pin=SPI1-6
Removed Pin From Net: NetName=PA6 Pin=SPI1-7
Removed Pin From Net: NetName=BOOT1 Pin=SPI1-8
Removed Pin From Net: NetName=PB13 Pin=SPI2-5
Removed Pin From Net: NetName=PB15 Pin=SPI2-6
Removed Pin From Net: NetName=PB14 Pin=SPI2-7
Removed Member From Class: ClassName=Sheet1 Member=B1
Removed Member From Class: ClassName=Sheet1 Member=C5
Removed Member From Class: ClassName=Sheet1 Member=C6
Removed Member From Class: ClassName=Sheet1 Member=J3
Removed Member From Class: ClassName=Sheet1 Member=J4
Removed Member From Class: ClassName=Sheet1 Member=R4
Change Component Comment : Designator=D2 Old Comment=PC0 New Comment=LED0805
Change Component Comment : Designator=D4 Old Comment=PC1 New Comment=LED0805
Change Component Comment : Designator=SOCKET1 Old Comment=STM32-QFP64 New Comment=SOCKET-ENPLAS-OTQ-64-0.5-03
Added Component: Designator=R?(RES-0.25W-H-MF)
Add component. Clean all parameters for all variants
Added Pin To Net: NetName=3.3V Pin=R?-1
Added Pin To Net: NetName=GND Pin=SOCKET1-10
Added Pin To Net: NetName=BOOT0 Pin=SOCKET1-12
Added Pin To Net: NetName=GND Pin=SOCKET1-40
Added Pin To Net: NetName=PIN31 Pin=SPI1-5
Added Pin To Net: NetName=PIN47 Pin=SPI1-6
Added Pin To Net: NetName=VBAT Pin=SPI1-7
Added Pin To Net: NetName=BOOT1 Pin=SPI2-5
Added Pin To Net: NetName=NetC5_1 Pin=SPI2-6
Added Pin To Net: NetName=NetC6_1 Pin=SPI2-7
Change Net Name : Old Net Name=3.3V New Net Name=VCC
Change Net Name : Old Net Name=BOOT0 New Net Name=XTAL
Change Net Name : Old Net Name=BOOT1 New Net Name=SPI2-SCK
Change Net Name : Old Net Name=JTDO New Net Name=PB3
Change Net Name : Old Net Name=NetC5_1 New Net Name=SPI2-MOSI
Change Net Name : Old Net Name=NetC6_1 New Net Name=SPI2-MISO
Change Net Name : Old Net Name=PIN31 New Net Name=SPI1-SCK
Change Net Name : Old Net Name=PIN47 New Net Name=SPI1-MOSI
Change Net Name : Old Net Name=VBAT New Net Name=SPI1-MISO
Added Pin To Net: NetName=ADC0_SE0_ACMP0_IN0 Pin=SOCKET1-50
Added Net: Name=ADC0_SE0_ACMP0_IN0
Added Pin To Net: NetName=ADC0_SE6 Pin=SOCKET1-32
Added Net: Name=ADC0_SE6
Added Pin To Net: NetName=ADC0_SE7 Pin=SOCKET1-31
Added Net: Name=ADC0_SE7
Added Pin To Net: NetName=ADC0_SE8 Pin=SOCKET1-26
Added Net: Name=ADC0_SE8
Added Pin To Net: NetName=ADC1_SE0 Pin=SOCKET1-48
Added Net: Name=ADC1_SE0
Added Pin To Net: NetName=CPU_RESET_B Pin=C2-2
Added Pin To Net: NetName=CPU_RESET_B Pin=R?-2
Added Pin To Net: NetName=CPU_RESET_B Pin=RESET-4
Added Pin To Net: NetName=CPU_RESET_B Pin=SOCKET1-63
Added Net: Name=CPU_RESET_B
Added Pin To Net: NetName=EXTAL Pin=SOCKET1-11
Added Net: Name=EXTAL
Added Pin To Net: NetName=JTAG_TDO Pin=SOCKET1-58
Added Net: Name=JTAG_TDO
Added Pin To Net: NetName=JTDO Pin=J1-13
Added Net: Name=JTDO
Added Pin To Net: NetName=MCU_VDDA Pin=SOCKET1-8
Added Net: Name=MCU_VDDA
Added Pin To Net: NetName=MCU_VDD Pin=SOCKET1-7
Added Pin To Net: NetName=MCU_VDD Pin=SOCKET1-41
Added Net: Name=MCU_VDD
Added Pin To Net: NetName=MCU_VREFH Pin=SOCKET1-9
Added Net: Name=MCU_VREFH
Added Pin To Net: NetName=PA13 Pin=PORTA-14
Added Net: Name=PA13
Added Pin To Net: NetName=PA14 Pin=PORTA-15
Added Net: Name=PA14
Added Pin To Net: NetName=PA15 Pin=PORTA-16
Added Net: Name=PA15
Added Pin To Net: NetName=PB2 Pin=PORTB-3
Added Pin To Net: NetName=PB2 Pin=SPI1-8
Added Net: Name=PB2
Added Pin To Net: NetName=PB4 Pin=PORTB-5
Added Net: Name=PB4
Added Pin To Net: NetName=PTA1 Pin=SOCKET1-49
Added Net: Name=PTA1
Added Pin To Net: NetName=PTA3 Pin=SOCKET1-47
Added Net: Name=PTA3
Added Pin To Net: NetName=PTA4 Pin=SOCKET1-64
Added Net: Name=PTA4
Added Pin To Net: NetName=PTA6 Pin=SOCKET1-38
Added Net: Name=PTA6
Added Pin To Net: NetName=PTA7 Pin=SOCKET1-37
Added Net: Name=PTA7
Added Pin To Net: NetName=PTA11 Pin=SOCKET1-57
Added Net: Name=PTA11
Added Pin To Net: NetName=PTA12 Pin=SOCKET1-56
Added Net: Name=PTA12
Added Pin To Net: NetName=PTA13 Pin=SOCKET1-55
Added Net: Name=PTA13
Added Pin To Net: NetName=PTB0 Pin=SOCKET1-34
Added Net: Name=PTB0
Added Pin To Net: NetName=PTB1 Pin=SOCKET1-33
Added Net: Name=PTB1
Added Pin To Net: NetName=PTB4 Pin=SOCKET1-19
Added Net: Name=PTB4
Added Pin To Net: NetName=PTB5 Pin=SOCKET1-18
Added Net: Name=PTB5
Added Pin To Net: NetName=PTC1 Pin=SOCKET1-25
Added Net: Name=PTC1
Added Member To Class: ClassName=Sheet1 Member=Component R? 10K
Added Room: Name=Sheet1
