Removed Pin From Net: NetName=NetJ4_1 Pin=U1-1
Removed Pin From Net: NetName=NetJ4_2 Pin=U1-2
Removed Pin From Net: NetName=NetJ4_3 Pin=U1-3
Removed Pin From Net: NetName=NetJ4_4 Pin=U1-4
Removed Pin From Net: NetName=NetJ4_5 Pin=U1-5
Removed Pin From Net: NetName=RESET Pin=U1-6
Removed Pin From Net: NetName=NetJ4_7 Pin=U1-7
Removed Pin From Net: NetName=PC0 Pin=U1-8
Removed Pin From Net: NetName=PC1 Pin=U1-9
Removed Pin From Net: NetName=PC2 Pin=U1-10
Removed Pin From Net: NetName=NetJ6_3 Pin=U1-11
Removed Pin From Net: NetName=NetJ6_4 Pin=U1-12
Removed Pin From Net: NetName=NetJ6_5 Pin=U1-13
Removed Pin From Net: NetName=NetJ6_6 Pin=U1-14
Removed Pin From Net: NetName=NetJ6_7 Pin=U1-15
Removed Pin From Net: NetName=NetJ6_8 Pin=U1-16
Removed Pin From Net: NetName=NetJ8_1 Pin=U1-17
Removed Pin From Net: NetName=NetJ8_2 Pin=U1-18
Removed Pin From Net: NetName=NetJ8_3 Pin=U1-19
Removed Pin From Net: NetName=NetJ8_4 Pin=U1-20
Removed Pin From Net: NetName=SPI1-SCK Pin=U1-21
Removed Pin From Net: NetName=SPI1-MISO Pin=U1-22
Removed Pin From Net: NetName=SPI1-MOSI Pin=U1-23
Removed Pin From Net: NetName=NetJ8_8 Pin=U1-24
Removed Pin From Net: NetName=NetJ9_1 Pin=U1-25
Removed Pin From Net: NetName=PB0 Pin=U1-26
Removed Pin From Net: NetName=PB1 Pin=U1-27
Removed Pin From Net: NetName=PB2 Pin=U1-28
Removed Pin From Net: NetName=NetJ9_5 Pin=U1-29
Removed Pin From Net: NetName=NetJ9_6 Pin=U1-30
Removed Pin From Net: NetName=NetJ9_7 Pin=U1-31
Removed Pin From Net: NetName=NetJ9_8 Pin=U1-32
Removed Pin From Net: NetName=NetJ7_1 Pin=U1-33
Removed Pin From Net: NetName=SPI2-SCK Pin=U1-34
Removed Pin From Net: NetName=SPI2-MISO Pin=U1-35
Removed Pin From Net: NetName=SPI2-MOSI Pin=U1-36
Removed Pin From Net: NetName=NetJ7_5 Pin=U1-37
Removed Pin From Net: NetName=NetJ7_6 Pin=U1-38
Removed Pin From Net: NetName=NetJ7_7 Pin=U1-39
Removed Pin From Net: NetName=NetJ7_8 Pin=U1-40
Removed Pin From Net: NetName=NetJ5_1 Pin=U1-41
Removed Pin From Net: NetName=NetJ5_2 Pin=U1-42
Removed Pin From Net: NetName=NetJ5_3 Pin=U1-43
Removed Pin From Net: NetName=NetJ5_4 Pin=U1-44
Removed Pin From Net: NetName=NetJ5_5 Pin=U1-45
Removed Pin From Net: NetName=JTMS Pin=U1-46
Removed Pin From Net: NetName=NetJ5_7 Pin=U1-47
Removed Pin From Net: NetName=NetJ5_8 Pin=U1-48
Removed Pin From Net: NetName=JTCK Pin=U1-49
Removed Pin From Net: NetName=JTDI Pin=U1-50
Removed Pin From Net: NetName=NetJ3_3 Pin=U1-51
Removed Pin From Net: NetName=NetJ3_4 Pin=U1-52
Removed Pin From Net: NetName=NetJ3_5 Pin=U1-53
Removed Pin From Net: NetName=NetJ3_6 Pin=U1-54
Removed Pin From Net: NetName=JTDO Pin=U1-55
Removed Pin From Net: NetName=NJTRST Pin=U1-56
Removed Pin From Net: NetName=NetJ2_1 Pin=U1-57
Removed Pin From Net: NetName=NetJ2_2 Pin=U1-58
Removed Pin From Net: NetName=NetJ2_3 Pin=U1-59
Removed Pin From Net: NetName=NetJ2_4 Pin=U1-60
Removed Pin From Net: NetName=NetJ2_5 Pin=U1-61
Removed Pin From Net: NetName=NetJ2_6 Pin=U1-62
Removed Pin From Net: NetName=NetJ2_7 Pin=U1-63
Removed Pin From Net: NetName=NetJ2_8 Pin=U1-64
Removed Member From Class: ClassName=Sheet1 Member=U1
Added Component: Designator=SOCKET1(SOCKET-ADAPTER-OTQ-64-05-03)
Add component. Clean all parameters for all variants
Added Pin To Net: NetName=NetJ4_1 Pin=SOCKET1-1
Added Pin To Net: NetName=NetJ4_2 Pin=SOCKET1-2
Added Pin To Net: NetName=NetJ4_3 Pin=SOCKET1-3
Added Pin To Net: NetName=NetJ4_4 Pin=SOCKET1-4
Added Pin To Net: NetName=NetJ4_5 Pin=SOCKET1-5
Added Pin To Net: NetName=RESET Pin=SOCKET1-6
Added Pin To Net: NetName=NetJ4_7 Pin=SOCKET1-7
Added Pin To Net: NetName=PC0 Pin=SOCKET1-8
Added Pin To Net: NetName=PC1 Pin=SOCKET1-9
Added Pin To Net: NetName=PC2 Pin=SOCKET1-10
Added Pin To Net: NetName=NetJ6_3 Pin=SOCKET1-11
Added Pin To Net: NetName=NetJ6_4 Pin=SOCKET1-12
Added Pin To Net: NetName=NetJ6_5 Pin=SOCKET1-13
Added Pin To Net: NetName=NetJ6_6 Pin=SOCKET1-14
Added Pin To Net: NetName=NetJ6_7 Pin=SOCKET1-15
Added Pin To Net: NetName=NetJ6_8 Pin=SOCKET1-16
Added Pin To Net: NetName=NetJ8_1 Pin=SOCKET1-17
Added Pin To Net: NetName=NetJ8_2 Pin=SOCKET1-18
Added Pin To Net: NetName=NetJ8_3 Pin=SOCKET1-19
Added Pin To Net: NetName=NetJ8_4 Pin=SOCKET1-20
Added Pin To Net: NetName=SPI1-SCK Pin=SOCKET1-21
Added Pin To Net: NetName=SPI1-MISO Pin=SOCKET1-22
Added Pin To Net: NetName=SPI1-MOSI Pin=SOCKET1-23
Added Pin To Net: NetName=NetJ8_8 Pin=SOCKET1-24
Added Pin To Net: NetName=NetJ9_1 Pin=SOCKET1-25
Added Pin To Net: NetName=PB0 Pin=SOCKET1-26
Added Pin To Net: NetName=PB1 Pin=SOCKET1-27
Added Pin To Net: NetName=PB2 Pin=SOCKET1-28
Added Pin To Net: NetName=NetJ9_5 Pin=SOCKET1-29
Added Pin To Net: NetName=NetJ9_6 Pin=SOCKET1-30
Added Pin To Net: NetName=NetJ9_7 Pin=SOCKET1-31
Added Pin To Net: NetName=NetJ9_8 Pin=SOCKET1-32
Added Pin To Net: NetName=NetJ7_1 Pin=SOCKET1-33
Added Pin To Net: NetName=SPI2-SCK Pin=SOCKET1-34
Added Pin To Net: NetName=SPI2-MISO Pin=SOCKET1-35
Added Pin To Net: NetName=SPI2-MOSI Pin=SOCKET1-36
Added Pin To Net: NetName=NetJ7_5 Pin=SOCKET1-37
Added Pin To Net: NetName=NetJ7_6 Pin=SOCKET1-38
Added Pin To Net: NetName=NetJ7_7 Pin=SOCKET1-39
Added Pin To Net: NetName=NetJ7_8 Pin=SOCKET1-40
Added Pin To Net: NetName=NetJ5_1 Pin=SOCKET1-41
Added Pin To Net: NetName=NetJ5_2 Pin=SOCKET1-42
Added Pin To Net: NetName=NetJ5_3 Pin=SOCKET1-43
Added Pin To Net: NetName=NetJ5_4 Pin=SOCKET1-44
Added Pin To Net: NetName=NetJ5_5 Pin=SOCKET1-45
Added Pin To Net: NetName=JTMS Pin=SOCKET1-46
Added Pin To Net: NetName=NetJ5_7 Pin=SOCKET1-47
Added Pin To Net: NetName=NetJ5_8 Pin=SOCKET1-48
Added Pin To Net: NetName=JTCK Pin=SOCKET1-49
Added Pin To Net: NetName=JTDI Pin=SOCKET1-50
Added Pin To Net: NetName=NetJ3_3 Pin=SOCKET1-51
Added Pin To Net: NetName=NetJ3_4 Pin=SOCKET1-52
Added Pin To Net: NetName=NetJ3_5 Pin=SOCKET1-53
Added Pin To Net: NetName=NetJ3_6 Pin=SOCKET1-54
Added Pin To Net: NetName=JTDO Pin=SOCKET1-55
Added Pin To Net: NetName=NJTRST Pin=SOCKET1-56
Added Pin To Net: NetName=NetJ2_1 Pin=SOCKET1-57
Added Pin To Net: NetName=NetJ2_2 Pin=SOCKET1-58
Added Pin To Net: NetName=NetJ2_3 Pin=SOCKET1-59
Added Pin To Net: NetName=NetJ2_4 Pin=SOCKET1-60
Added Pin To Net: NetName=NetJ2_5 Pin=SOCKET1-61
Added Pin To Net: NetName=NetJ2_6 Pin=SOCKET1-62
Added Pin To Net: NetName=NetJ2_7 Pin=SOCKET1-63
Added Pin To Net: NetName=NetJ2_8 Pin=SOCKET1-64
Added Member To Class: ClassName=Sheet1 Member=Component SOCKET1 SOCKET-ADAPTER-OTQ-64-05-03
Added Room: Name=Sheet1
