Added Pin To Net: NetName=GND Pin=J2-7
Added Pin To Net: NetName=VCC Pin=J2-8
Added Pin To Net: NetName=GND Pin=J5-7
Added Pin To Net: NetName=VCC Pin=J5-8
Added Pin To Net: NetName=GND Pin=J6-4
Added Pin To Net: NetName=VCC Pin=J6-5
Added Pin To Net: NetName=GND Pin=J8-2
Added Pin To Net: NetName=VCC Pin=J8-3
Added Pin To Net: NetName=GND Pin=J9-7
Added Pin To Net: NetName=VCC Pin=J9-8
Added Pin To Net: NetName=GND Pin=SOCKET1-12
Added Pin To Net: NetName=VCC Pin=SOCKET1-13
Added Pin To Net: NetName=GND Pin=SOCKET1-18
Added Pin To Net: NetName=VCC Pin=SOCKET1-19
Added Pin To Net: NetName=GND Pin=SOCKET1-31
Added Pin To Net: NetName=VCC Pin=SOCKET1-32
Added Pin To Net: NetName=GND Pin=SOCKET1-47
Added Pin To Net: NetName=VCC Pin=SOCKET1-48
Added Pin To Net: NetName=GND Pin=SOCKET1-63
Added Pin To Net: NetName=VCC Pin=SOCKET1-64
Change Net Name : Old Net Name=VCC New Net Name=3.3V
Added Room: Name=Sheet1
