Added Component: Designator=C1(CAP_RAD_7mm)
Add component. Clean all parameters for all variants
Added Component: Designator=D1(DO-41)
Add component. Clean all parameters for all variants
Added Component: Designator=J10(DC_K375A_Power)
Add component. Clean all parameters for all variants
Added Component: Designator=LED1(LED_5MM)
Add component. Clean all parameters for all variants
Added Component: Designator=R1(RES-0.25W-H-CF)
Add component. Clean all parameters for all variants
Added Component: Designator=U1(SOT223-3)
Add component. Clean all parameters for all variants
Added Pin To Net: NetName=GND Pin=C1-2
Added Pin To Net: NetName=GND Pin=J10-2
Added Pin To Net: NetName=3.3V Pin=LED1-1
Added Pin To Net: NetName=GND Pin=R1-1
Added Pin To Net: NetName=GND Pin=U1-1
Added Pin To Net: NetName=3.3V Pin=U1-2
Added Pin To Net: NetName=NetC1_1 Pin=C1-1
Added Pin To Net: NetName=NetC1_1 Pin=D1-2
Added Pin To Net: NetName=NetC1_1 Pin=U1-3
Added Net: Name=NetC1_1
Added Pin To Net: NetName=NetD1_1 Pin=D1-1
Added Pin To Net: NetName=NetD1_1 Pin=J10-1
Added Net: Name=NetD1_1
Added Pin To Net: NetName=NetLED1_2 Pin=LED1-2
Added Pin To Net: NetName=NetLED1_2 Pin=R1-2
Added Net: Name=NetLED1_2
Added Member To Class: ClassName=Sheet1 Member=Component C1 100uF
Added Member To Class: ClassName=Sheet1 Member=Component D1 1N4007
Added Member To Class: ClassName=Sheet1 Member=Component J10 Connector
Added Member To Class: ClassName=Sheet1 Member=Component LED1 LED 5mm
Added Member To Class: ClassName=Sheet1 Member=Component R1 10K
Added Member To Class: ClassName=Sheet1 Member=Component U1 AMS1117
Added Room: Name=Sheet1
