Removed Pin From Net: NetName=NetD6_1 Pin=L1-1
Removed Pin From Net: NetName=NetC6_1 Pin=L1-2
Added Component: Designator=C14(CAP_RAD_4mm)
Add component. Clean all parameters for all variants
Added Component: Designator=C15(C0805)
Add component. Clean all parameters for all variants
Added Component: Designator=C16(CAP_RAD_4mm)
Add component. Clean all parameters for all variants
Added Component: Designator=C17(C0805)
Add component. Clean all parameters for all variants
Added Component: Designator=C18(CAP_RAD_4mm)
Add component. Clean all parameters for all variants
Added Component: Designator=D7(SOD-80)
Add component. Clean all parameters for all variants
Added Component: Designator=D8(DO-214AC(SMA))
Add component. Clean all parameters for all variants
Added Component: Designator=D9(DO-214AC(SMA))
Add component. Clean all parameters for all variants
Added Component: Designator=J3(Header 5x2 TH Pitch 2.54mm)
Add component. Clean all parameters for all variants
Added Component: Designator=L2(RES-0.5W-HH-MF)
Add component. Clean all parameters for all variants
Added Component: Designator=Q11(SOT23-3)
Add component. Clean all parameters for all variants
Added Component: Designator=Q12(SOT23-3)
Add component. Clean all parameters for all variants
Added Component: Designator=Q14(SOT23-3)
Add component. Clean all parameters for all variants
Added Component: Designator=Q15(SOT23-3)
Add component. Clean all parameters for all variants
Added Component: Designator=Q16(SOT23-3)
Add component. Clean all parameters for all variants
Added Component: Designator=Q17(SOT23-3)
Add component. Clean all parameters for all variants
Added Component: Designator=Q18(SOT23-3)
Add component. Clean all parameters for all variants
Added Component: Designator=Q19(SOT23-3)
Add component. Clean all parameters for all variants
Added Component: Designator=R33(R0805)
Add component. Clean all parameters for all variants
Added Component: Designator=R34(R0805)
Add component. Clean all parameters for all variants
Added Component: Designator=R35(R0805)
Add component. Clean all parameters for all variants
Added Component: Designator=R36(R0805)
Add component. Clean all parameters for all variants
Added Component: Designator=R37(R0805)
Add component. Clean all parameters for all variants
Added Component: Designator=R38(R0805)
Add component. Clean all parameters for all variants
Added Component: Designator=R39(R0805)
Add component. Clean all parameters for all variants
Added Component: Designator=R40(R0805)
Add component. Clean all parameters for all variants
Added Component: Designator=R41(R0805)
Add component. Clean all parameters for all variants
Added Component: Designator=R42(R0805)
Add component. Clean all parameters for all variants
Added Component: Designator=R43(R0805)
Add component. Clean all parameters for all variants
Added Component: Designator=R44(R0805)
Add component. Clean all parameters for all variants
Added Component: Designator=R45(R0805)
Add component. Clean all parameters for all variants
Added Component: Designator=R46(R0805)
Add component. Clean all parameters for all variants
Added Component: Designator=R47(R0805)
Add component. Clean all parameters for all variants
Added Component: Designator=R48(R0805)
Add component. Clean all parameters for all variants
Added Component: Designator=R49(R0805)
Add component. Clean all parameters for all variants
Added Component: Designator=R50(R0805)
Add component. Clean all parameters for all variants
Added Component: Designator=R51(R0805)
Add component. Clean all parameters for all variants
Added Component: Designator=R52(R0805)
Add component. Clean all parameters for all variants
Added Component: Designator=R53(R0805)
Add component. Clean all parameters for all variants
Added Component: Designator=R54(R0805)
Add component. Clean all parameters for all variants
Added Pin To Net: NetName=NetC6_1 Pin=C14-1
Added Pin To Net: NetName=GND Pin=C14-2
Added Pin To Net: NetName=NetC6_1 Pin=C15-1
Added Pin To Net: NetName=GND Pin=C15-2
Added Pin To Net: NetName=NetC6_1 Pin=C16-1
Added Pin To Net: NetName=GND Pin=C16-2
Added Pin To Net: NetName=NetC6_1 Pin=C17-1
Added Pin To Net: NetName=GND Pin=C17-2
Added Pin To Net: NetName=NetC18_1 Pin=C18-1
Added Pin To Net: NetName=GND Pin=C18-2
Added Pin To Net: NetName=NetD7_1 Pin=D7-1
Added Pin To Net: NetName=NetD7_2 Pin=D7-2
Added Pin To Net: NetName=NetD8_1 Pin=D8-1
Added Pin To Net: NetName=NetD7_1 Pin=D8-2
Added Pin To Net: NetName=NetD9_1 Pin=D9-1
Added Pin To Net: NetName=NetC18_1 Pin=D9-2
Added Pin To Net: NetName=NetJ3_1 Pin=J3-1
Added Pin To Net: NetName=NetD7_1 Pin=J3-3
Added Pin To Net: NetName=GND Pin=J3-5
Added Pin To Net: NetName=NetJ3_7 Pin=J3-7
Added Pin To Net: NetName=NetJ3_9 Pin=J3-9
Added Pin To Net: NetName=NetJ3_10 Pin=J3-10
Added Pin To Net: NetName=NetD9_1 Pin=L2-1
Added Pin To Net: NetName=NetC6_1 Pin=L2-2
Added Pin To Net: NetName=NetC13_1 Pin=Q11-1
Added Pin To Net: NetName=GND Pin=Q11-2
Added Pin To Net: NetName=NetQ11_3 Pin=Q11-3
Added Pin To Net: NetName=NetD7_2 Pin=Q12-1
Added Pin To Net: NetName=NetQ12_2 Pin=Q12-2
Added Pin To Net: NetName=GND Pin=Q12-3
Added Pin To Net: NetName=NetD7_2 Pin=Q14-1
Added Pin To Net: NetName=NetQ14_2 Pin=Q14-2
Added Pin To Net: NetName=GND Pin=Q14-3
Added Pin To Net: NetName=NetQ15_1 Pin=Q15-1
Added Pin To Net: NetName=GND Pin=Q15-2
Added Pin To Net: NetName=NetD9_1 Pin=Q15-3
Added Pin To Net: NetName=NetD7_2 Pin=Q16-1
Added Pin To Net: NetName=NetQ16_2 Pin=Q16-2
Added Pin To Net: NetName=GND Pin=Q16-3
Added Pin To Net: NetName=NetQ17_1 Pin=Q17-1
Added Pin To Net: NetName=NetC18_1 Pin=Q17-2
Added Pin To Net: NetName=NetJ3_1 Pin=Q17-3
Added Pin To Net: NetName=NetQ18_1 Pin=Q18-1
Added Pin To Net: NetName=GND Pin=Q18-2
Added Pin To Net: NetName=NetQ18_3 Pin=Q18-3
Added Pin To Net: NetName=NetQ19_1 Pin=Q19-1
Added Pin To Net: NetName=GND Pin=Q19-2
Added Pin To Net: NetName=NetQ19_3 Pin=Q19-3
Added Pin To Net: NetName=NetD4_1 Pin=R33-1
Added Pin To Net: NetName=NetD7_1 Pin=R33-2
Added Pin To Net: NetName=NetQ11_3 Pin=R34-1
Added Pin To Net: NetName=NetD7_1 Pin=R34-2
Added Pin To Net: NetName=NetD4_2 Pin=R35-1
Added Pin To Net: NetName=NetQ12_2 Pin=R35-2
Added Pin To Net: NetName=NetQ12_2 Pin=R36-1
Added Pin To Net: NetName=NetJ3_10 Pin=R36-2
Added Pin To Net: NetName=GND Pin=R37-1
Added Pin To Net: NetName=NetC13_1 Pin=R37-2
Added Pin To Net: NetName=NetD5_1 Pin=R38-1
Added Pin To Net: NetName=NetQ14_2 Pin=R38-2
Added Pin To Net: NetName=NetQ14_2 Pin=R39-1
Added Pin To Net: NetName=NetJ3_9 Pin=R39-2
Added Pin To Net: NetName=NetR5_1 Pin=R40-1
Added Pin To Net: NetName=VCC Pin=R40-2
Added Pin To Net: NetName=NetQ13_1 Pin=R41-1
Added Pin To Net: NetName=NetR5_1 Pin=R41-2
Added Pin To Net: NetName=GND Pin=R42-1
Added Pin To Net: NetName=NetJ3_9 Pin=R42-2
Added Pin To Net: NetName=NetD7_2 Pin=R43-1
Added Pin To Net: NetName=GND Pin=R43-2
Added Pin To Net: NetName=NetD6_1 Pin=R44-1
Added Pin To Net: NetName=NetQ16_2 Pin=R44-2
Added Pin To Net: NetName=NetQ16_2 Pin=R45-1
Added Pin To Net: NetName=NetJ3_7 Pin=R45-2
Added Pin To Net: NetName=GND Pin=R46-1
Added Pin To Net: NetName=NetJ3_7 Pin=R46-2
Added Pin To Net: NetName=NetQ15_1 Pin=R47-1
Added Pin To Net: NetName=NetJ2_1 Pin=R47-2
Added Pin To Net: NetName=NetC18_1 Pin=R48-1
Added Pin To Net: NetName=NetQ17_1 Pin=R48-2
Added Pin To Net: NetName=NetC18_1 Pin=R49-1
Added Pin To Net: NetName=NetJ2_7 Pin=R49-2
Added Pin To Net: NetName=NetJ2_7 Pin=R50-1
Added Pin To Net: NetName=GND Pin=R50-2
Added Pin To Net: NetName=NetQ17_1 Pin=R51-1
Added Pin To Net: NetName=NetQ18_3 Pin=R51-2
Added Pin To Net: NetName=NetJ3_1 Pin=R52-1
Added Pin To Net: NetName=NetQ19_3 Pin=R52-2
Added Pin To Net: NetName=NetJ2_9 Pin=R53-1
Added Pin To Net: NetName=NetQ18_1 Pin=R53-2
Added Pin To Net: NetName=NetJ2_10 Pin=R54-1
Added Pin To Net: NetName=NetQ19_1 Pin=R54-2
Added Pin To Net: NetName=NetJ2_7 Pin=U1-2
Added Pin To Net: NetName=NetD4_1 Pin=U1-3
Added Pin To Net: NetName=NetD6_1 Pin=U1-4
Added Pin To Net: NetName=NetD5_1 Pin=U1-5
Added Pin To Net: NetName=NetD4_2 Pin=U1-6
Added Pin To Net: NetName=NetJ2_10 Pin=U1-7
Added Pin To Net: NetName=NetJ2_1 Pin=U1-12
Added Pin To Net: NetName=NetJ2_9 Pin=U1-23
Added Pin To Net: NetName=NetC13_1 Pin=U1-24
Change Net Name : Old Net Name=NetC6_1 New Net Name=NetC14_1
Change Net Name : Old Net Name=NetC13_1 New Net Name=NetQ11_1
Change Net Name : Old Net Name=NetD4_1 New Net Name=NetR33_1
Change Net Name : Old Net Name=NetD4_2 New Net Name=NetR35_1
Change Net Name : Old Net Name=NetD5_1 New Net Name=NetR38_1
Change Net Name : Old Net Name=NetD6_1 New Net Name=NetR44_1
Change Net Name : Old Net Name=NetJ2_1 New Net Name=NetR47_2
Change Net Name : Old Net Name=NetJ2_7 New Net Name=NetR49_2
Change Net Name : Old Net Name=NetJ2_9 New Net Name=NetR53_1
Change Net Name : Old Net Name=NetJ2_10 New Net Name=NetR54_1
Added Member To Class: ClassName=PICKIT2-Original-WithOut-Memory Member=Component C14 100uF
Added Member To Class: ClassName=PICKIT2-Original-WithOut-Memory Member=Component C15 102pF
Added Member To Class: ClassName=PICKIT2-Original-WithOut-Memory Member=Component C16 100uF
Added Member To Class: ClassName=PICKIT2-Original-WithOut-Memory Member=Component C17 102pF
Added Member To Class: ClassName=PICKIT2-Original-WithOut-Memory Member=Component C18 47uF
Added Member To Class: ClassName=PICKIT2-Original-WithOut-Memory Member=Component D7 1N4148
Added Member To Class: ClassName=PICKIT2-Original-WithOut-Memory Member=Component D8 SS14
Added Member To Class: ClassName=PICKIT2-Original-WithOut-Memory Member=Component D9 SS14
Added Member To Class: ClassName=PICKIT2-Original-WithOut-Memory Member=Component J3 Header 5x2 TH Pitch 2.54mm
Added Member To Class: ClassName=PICKIT2-Original-WithOut-Memory Member=Component L2 680uH
Added Member To Class: ClassName=PICKIT2-Original-WithOut-Memory Member=Component Q11 SI2301DS-N
Added Member To Class: ClassName=PICKIT2-Original-WithOut-Memory Member=Component Q12 2N3906
Added Member To Class: ClassName=PICKIT2-Original-WithOut-Memory Member=Component Q14 2N3906
Added Member To Class: ClassName=PICKIT2-Original-WithOut-Memory Member=Component Q15 2N3904
Added Member To Class: ClassName=PICKIT2-Original-WithOut-Memory Member=Component Q16 2N3906
Added Member To Class: ClassName=PICKIT2-Original-WithOut-Memory Member=Component Q17 2N3906
Added Member To Class: ClassName=PICKIT2-Original-WithOut-Memory Member=Component Q18 2N3904
Added Member To Class: ClassName=PICKIT2-Original-WithOut-Memory Member=Component Q19 2N3904
Added Member To Class: ClassName=PICKIT2-Original-WithOut-Memory Member=Component R33 4K7
Added Member To Class: ClassName=PICKIT2-Original-WithOut-Memory Member=Component R34 1K
Added Member To Class: ClassName=PICKIT2-Original-WithOut-Memory Member=Component R35 10
Added Member To Class: ClassName=PICKIT2-Original-WithOut-Memory Member=Component R36 33
Added Member To Class: ClassName=PICKIT2-Original-WithOut-Memory Member=Component R37 10k
Added Member To Class: ClassName=PICKIT2-Original-WithOut-Memory Member=Component R38 10
Added Member To Class: ClassName=PICKIT2-Original-WithOut-Memory Member=Component R39 33
Added Member To Class: ClassName=PICKIT2-Original-WithOut-Memory Member=Component R40 10k
Added Member To Class: ClassName=PICKIT2-Original-WithOut-Memory Member=Component R41 330
Added Member To Class: ClassName=PICKIT2-Original-WithOut-Memory Member=Component R42 4k7
Added Member To Class: ClassName=PICKIT2-Original-WithOut-Memory Member=Component R43 820
Added Member To Class: ClassName=PICKIT2-Original-WithOut-Memory Member=Component R44 10
Added Member To Class: ClassName=PICKIT2-Original-WithOut-Memory Member=Component R45 33
Added Member To Class: ClassName=PICKIT2-Original-WithOut-Memory Member=Component R46 4k7
Added Member To Class: ClassName=PICKIT2-Original-WithOut-Memory Member=Component R47 1K
Added Member To Class: ClassName=PICKIT2-Original-WithOut-Memory Member=Component R48 100K
Added Member To Class: ClassName=PICKIT2-Original-WithOut-Memory Member=Component R49 4K7
Added Member To Class: ClassName=PICKIT2-Original-WithOut-Memory Member=Component R50 4K7
Added Member To Class: ClassName=PICKIT2-Original-WithOut-Memory Member=Component R51 10K
Added Member To Class: ClassName=PICKIT2-Original-WithOut-Memory Member=Component R52 100
Added Member To Class: ClassName=PICKIT2-Original-WithOut-Memory Member=Component R53 10K
Added Member To Class: ClassName=PICKIT2-Original-WithOut-Memory Member=Component R54 10K
Added Room: Name=PICKIT2-Original-WithOut-Memory
