Removed Pin From Net: NetName=NetD7_1 Pin=J3-3
Removed Pin From Net: NetName=NetJ3_7 Pin=J3-7
Removed Pin From Net: NetName=NetJ3_10 Pin=J3-10
Removed Pin From Net: NetName=NetJ3_1 Pin=Q17-3
Removed Pin From Net: NetName=NetJ3_10 Pin=R36-2
Removed Pin From Net: NetName=NetJ3_9 Pin=R39-2
Removed Pin From Net: NetName=NetJ3_9 Pin=R42-2
Removed Pin From Net: NetName=NetJ3_7 Pin=R45-2
Removed Pin From Net: NetName=NetJ3_7 Pin=R46-2
Removed Pin From Net: NetName=NetJ3_1 Pin=R52-1
Added Pin To Net: NetName=NetJ3_7 Pin=J3-2
Added Pin To Net: NetName=NetJ3_10 Pin=J3-3
Added Pin To Net: NetName=NetD7_1 Pin=J3-7
Added Pin To Net: NetName=NetJ3_9 Pin=Q17-3
Added Pin To Net: NetName=NetJ3_7 Pin=R36-2
Added Pin To Net: NetName=NetJ3_1 Pin=R39-2
Added Pin To Net: NetName=NetJ3_1 Pin=R42-2
Added Pin To Net: NetName=NetJ3_10 Pin=R45-2
Added Pin To Net: NetName=NetJ3_10 Pin=R46-2
Added Pin To Net: NetName=NetJ3_9 Pin=R52-1
Change Net Name : Old Net Name=NetJ3_7 New Net Name=NetJ3_2
Change Net Name : Old Net Name=NetJ3_10 New Net Name=NetJ3_3
Added Room: Name=PICKIT2-Original-WithOut-Memory
