Removed Pin From Net: NetName=NetD?_1 Pin=D?-1
Removed Pin From Net: NetName=NetQ?_1 Pin=Q?-1
Removed Pin From Net: NetName=NetC6_1 Pin=Q?-2
Removed Pin From Net: NetName=NetQ?_1 Pin=R?-1
Change Component Designator: OldDesignator=C? NewDesignator=C14
Change Component Designator: OldDesignator=C? NewDesignator=C15
Change Component Designator: OldDesignator=C? NewDesignator=C16
Change Component Designator: OldDesignator=C? NewDesignator=C17
Change Component Designator: OldDesignator=C? NewDesignator=C18
Change Component Designator: OldDesignator=D? NewDesignator=D7
Change Component Designator: OldDesignator=D? NewDesignator=D8
Change Component Designator: OldDesignator=D? NewDesignator=D9
Change Component Designator: OldDesignator=J? NewDesignator=J3
Change Component Designator: OldDesignator=L? NewDesignator=L2
Change Component Designator: OldDesignator=Q? NewDesignator=Q11
Change Component Designator: OldDesignator=Q? NewDesignator=Q12
Change Component Designator: OldDesignator=Q? NewDesignator=Q14
Change Component Designator: OldDesignator=Q? NewDesignator=Q15
Change Component Designator: OldDesignator=Q? NewDesignator=Q16
Change Component Designator: OldDesignator=Q? NewDesignator=Q17
Change Component Designator: OldDesignator=Q? NewDesignator=Q18
Change Component Designator: OldDesignator=Q? NewDesignator=Q19
Change Component Designator: OldDesignator=R? NewDesignator=R33
Change Component Designator: OldDesignator=R? NewDesignator=R34
Change Component Designator: OldDesignator=R? NewDesignator=R35
Change Component Designator: OldDesignator=R? NewDesignator=R36
Change Component Designator: OldDesignator=R? NewDesignator=R37
Change Component Designator: OldDesignator=R? NewDesignator=R38
Change Component Designator: OldDesignator=R? NewDesignator=R39
Change Component Designator: OldDesignator=R? NewDesignator=R40
Change Component Designator: OldDesignator=R? NewDesignator=R41
Change Component Designator: OldDesignator=R? NewDesignator=R42
Change Component Designator: OldDesignator=R? NewDesignator=R43
Change Component Designator: OldDesignator=R? NewDesignator=R44
Change Component Designator: OldDesignator=R? NewDesignator=R45
Change Component Designator: OldDesignator=R? NewDesignator=R46
Change Component Designator: OldDesignator=R? NewDesignator=R47
Change Component Designator: OldDesignator=R? NewDesignator=R48
Change Component Designator: OldDesignator=R? NewDesignator=R49
Change Component Designator: OldDesignator=R? NewDesignator=R50
Change Component Designator: OldDesignator=R? NewDesignator=R51
Change Component Designator: OldDesignator=R? NewDesignator=R52
Change Component Designator: OldDesignator=R? NewDesignator=R53
Change Component Designator: OldDesignator=R? NewDesignator=R54
Added Pin To Net: NetName=NetD?_1 Pin=D7-1
Added Pin To Net: NetName=NetQ?_1 Pin=D8-1
Added Pin To Net: NetName=NetD?_1 Pin=D8-2
Added Pin To Net: NetName=NetD?_1 Pin=J3-3
Added Pin To Net: NetName=NetQ2_1 Pin=Q11-1
Added Pin To Net: NetName=GND Pin=Q11-2
Added Pin To Net: NetName=NetD?_1 Pin=R33-2
Added Pin To Net: NetName=NetD?_1 Pin=R34-2
Change Net Name : Old Net Name=NetC?_1 New Net Name=NetC18_1
Change Net Name : Old Net Name=NetD?_1 New Net Name=NetD7_1
Change Net Name : Old Net Name=NetD?_2 New Net Name=NetD7_2
Change Net Name : Old Net Name=NetJ?_1 New Net Name=NetJ3_1
Change Net Name : Old Net Name=NetJ?_7 New Net Name=NetJ3_7
Change Net Name : Old Net Name=NetJ?_9 New Net Name=NetJ3_9
Change Net Name : Old Net Name=NetJ?_10 New Net Name=NetJ3_10
Change Net Name : Old Net Name=NetQ?_1 New Net Name=NetD8_1
Change Net Name : Old Net Name=NetQ?_2 New Net Name=NetQ16_2
Change Net Name : Old Net Name=NetQ?_3 New Net Name=NetQ11_3
Added Pin To Net: NetName=NetD9_1 Pin=D9-1
Added Pin To Net: NetName=NetD9_1 Pin=L2-1
Added Pin To Net: NetName=NetD9_1 Pin=Q15-3
Added Net: Name=NetD9_1
Added Pin To Net: NetName=NetQ12_2 Pin=Q12-2
Added Pin To Net: NetName=NetQ12_2 Pin=R35-2
Added Pin To Net: NetName=NetQ12_2 Pin=R36-1
Added Net: Name=NetQ12_2
Added Pin To Net: NetName=NetQ13_1 Pin=R41-1
Added Net: Name=NetQ13_1
Added Pin To Net: NetName=NetQ14_2 Pin=Q14-2
Added Pin To Net: NetName=NetQ14_2 Pin=R38-2
Added Pin To Net: NetName=NetQ14_2 Pin=R39-1
Added Net: Name=NetQ14_2
Added Pin To Net: NetName=NetQ15_1 Pin=Q15-1
Added Pin To Net: NetName=NetQ15_1 Pin=R47-1
Added Net: Name=NetQ15_1
Added Pin To Net: NetName=NetQ17_1 Pin=Q17-1
Added Pin To Net: NetName=NetQ17_1 Pin=R48-2
Added Pin To Net: NetName=NetQ17_1 Pin=R51-1
Added Net: Name=NetQ17_1
Added Pin To Net: NetName=NetQ18_1 Pin=Q18-1
Added Pin To Net: NetName=NetQ18_1 Pin=R53-2
Added Net: Name=NetQ18_1
Added Pin To Net: NetName=NetQ18_3 Pin=Q18-3
Added Pin To Net: NetName=NetQ18_3 Pin=R51-2
Added Net: Name=NetQ18_3
Added Pin To Net: NetName=NetQ19_1 Pin=Q19-1
Added Pin To Net: NetName=NetQ19_1 Pin=R54-2
Added Net: Name=NetQ19_1
Added Pin To Net: NetName=NetQ19_3 Pin=Q19-3
Added Pin To Net: NetName=NetQ19_3 Pin=R52-2
Added Net: Name=NetQ19_3
Added Member To Class: ClassName=PICKIT2-Original-WithOut-Memory Member=Component C14 100uF
Added Member To Class: ClassName=PICKIT2-Original-WithOut-Memory Member=Component C15 102pF
Added Member To Class: ClassName=PICKIT2-Original-WithOut-Memory Member=Component C16 100uF
Added Member To Class: ClassName=PICKIT2-Original-WithOut-Memory Member=Component C17 102pF
Added Member To Class: ClassName=PICKIT2-Original-WithOut-Memory Member=Component D8 SS14
Added Member To Class: ClassName=PICKIT2-Original-WithOut-Memory Member=Component D9 SS14
Added Member To Class: ClassName=PICKIT2-Original-WithOut-Memory Member=Component Q11 SI2301DS-N
Added Member To Class: ClassName=PICKIT2-Original-WithOut-Memory Member=Component Q14 2N3906
Added Member To Class: ClassName=PICKIT2-Original-WithOut-Memory Member=Component Q15 2N3904
Added Member To Class: ClassName=PICKIT2-Original-WithOut-Memory Member=Component Q16 2N3906
Added Member To Class: ClassName=PICKIT2-Original-WithOut-Memory Member=Component Q17 2N3906
Added Member To Class: ClassName=PICKIT2-Original-WithOut-Memory Member=Component Q18 2N3904
Added Member To Class: ClassName=PICKIT2-Original-WithOut-Memory Member=Component Q19 2N3904
Added Member To Class: ClassName=PICKIT2-Original-WithOut-Memory Member=Component R33 4K7
Added Member To Class: ClassName=PICKIT2-Original-WithOut-Memory Member=Component R35 10
Added Member To Class: ClassName=PICKIT2-Original-WithOut-Memory Member=Component R36 33
Added Member To Class: ClassName=PICKIT2-Original-WithOut-Memory Member=Component R37 10k
Added Member To Class: ClassName=PICKIT2-Original-WithOut-Memory Member=Component R38 10
Added Member To Class: ClassName=PICKIT2-Original-WithOut-Memory Member=Component R39 33
Added Member To Class: ClassName=PICKIT2-Original-WithOut-Memory Member=Component R40 10k
Added Member To Class: ClassName=PICKIT2-Original-WithOut-Memory Member=Component R41 330
Added Member To Class: ClassName=PICKIT2-Original-WithOut-Memory Member=Component R42 4k7
Added Member To Class: ClassName=PICKIT2-Original-WithOut-Memory Member=Component R43 820
Added Member To Class: ClassName=PICKIT2-Original-WithOut-Memory Member=Component R44 10
Added Member To Class: ClassName=PICKIT2-Original-WithOut-Memory Member=Component R45 33
Added Member To Class: ClassName=PICKIT2-Original-WithOut-Memory Member=Component R46 4k7
Added Member To Class: ClassName=PICKIT2-Original-WithOut-Memory Member=Component R47 1K
Added Member To Class: ClassName=PICKIT2-Original-WithOut-Memory Member=Component R48 100K
Added Member To Class: ClassName=PICKIT2-Original-WithOut-Memory Member=Component R49 4K7
Added Member To Class: ClassName=PICKIT2-Original-WithOut-Memory Member=Component R50 4K7
Added Member To Class: ClassName=PICKIT2-Original-WithOut-Memory Member=Component R51 10K
Added Member To Class: ClassName=PICKIT2-Original-WithOut-Memory Member=Component R52 100
Added Member To Class: ClassName=PICKIT2-Original-WithOut-Memory Member=Component R53 10K
Added Member To Class: ClassName=PICKIT2-Original-WithOut-Memory Member=Component R54 10K
