Removed Pin From Net: NetName=NetU1_2 Pin=U1-2
Removed Pin From Net: NetName=NetU1_3 Pin=U1-3
Removed Pin From Net: NetName=NetU1_4 Pin=U1-4
Removed Pin From Net: NetName=NetU1_5 Pin=U1-5
Removed Pin From Net: NetName=NetU1_6 Pin=U1-6
Removed Pin From Net: NetName=NetU1_7 Pin=U1-7
Removed Pin From Net: NetName=NetU1_12 Pin=U1-12
Removed Pin From Net: NetName=NetU1_23 Pin=U1-23
Removed Pin From Net: NetName=NetU1_24 Pin=U1-24
Added Component: Designator=C6(CAP_RAD_4mm)
Add component. Clean all parameters for all variants
Added Component: Designator=C10(C0805)
Add component. Clean all parameters for all variants
Added Component: Designator=C11(CAP_RAD_4mm)
Add component. Clean all parameters for all variants
Added Component: Designator=C12(C0805)
Add component. Clean all parameters for all variants
Added Component: Designator=C13(CAP_RAD_4mm)
Add component. Clean all parameters for all variants
Added Component: Designator=D4(SOD-80)
Add component. Clean all parameters for all variants
Added Component: Designator=D5(DO-214AC(SMA))
Add component. Clean all parameters for all variants
Added Component: Designator=D6(DO-214AC(SMA))
Add component. Clean all parameters for all variants
Added Component: Designator=J2(Header 5x2 TH Pitch 2.54mm)
Add component. Clean all parameters for all variants
Added Component: Designator=L1(RES-0.5W-HH-MF)
Add component. Clean all parameters for all variants
Added Component: Designator=Q2(SOT23-3)
Add component. Clean all parameters for all variants
Added Component: Designator=Q3(SOT23-3)
Add component. Clean all parameters for all variants
Added Component: Designator=Q5(SOT23-3)
Add component. Clean all parameters for all variants
Added Component: Designator=Q6(SOT23-3)
Add component. Clean all parameters for all variants
Added Component: Designator=Q7(SOT23-3)
Add component. Clean all parameters for all variants
Added Component: Designator=Q8(SOT23-3)
Add component. Clean all parameters for all variants
Added Component: Designator=Q9(SOT23-3)
Add component. Clean all parameters for all variants
Added Component: Designator=Q10(SOT23-3)
Add component. Clean all parameters for all variants
Added Component: Designator=R11(R0805)
Add component. Clean all parameters for all variants
Added Component: Designator=R12(R0805)
Add component. Clean all parameters for all variants
Added Component: Designator=R13(R0805)
Add component. Clean all parameters for all variants
Added Component: Designator=R14(R0805)
Add component. Clean all parameters for all variants
Added Component: Designator=R15(R0805)
Add component. Clean all parameters for all variants
Added Component: Designator=R16(R0805)
Add component. Clean all parameters for all variants
Added Component: Designator=R17(R0805)
Add component. Clean all parameters for all variants
Added Component: Designator=R18(R0805)
Add component. Clean all parameters for all variants
Added Component: Designator=R19(R0805)
Add component. Clean all parameters for all variants
Added Component: Designator=R20(R0805)
Add component. Clean all parameters for all variants
Added Component: Designator=R21(R0805)
Add component. Clean all parameters for all variants
Added Component: Designator=R22(R0805)
Add component. Clean all parameters for all variants
Added Component: Designator=R23(R0805)
Add component. Clean all parameters for all variants
Added Component: Designator=R24(R0805)
Add component. Clean all parameters for all variants
Added Component: Designator=R25(R0805)
Add component. Clean all parameters for all variants
Added Component: Designator=R26(R0805)
Add component. Clean all parameters for all variants
Added Component: Designator=R27(R0805)
Add component. Clean all parameters for all variants
Added Component: Designator=R28(R0805)
Add component. Clean all parameters for all variants
Added Component: Designator=R29(R0805)
Add component. Clean all parameters for all variants
Added Component: Designator=R30(R0805)
Add component. Clean all parameters for all variants
Added Component: Designator=R31(R0805)
Add component. Clean all parameters for all variants
Added Component: Designator=R32(R0805)
Add component. Clean all parameters for all variants
Added Pin To Net: NetName=NetQ1_2 Pin=C6-1
Added Pin To Net: NetName=GND Pin=C6-2
Added Pin To Net: NetName=NetQ1_2 Pin=C10-1
Added Pin To Net: NetName=GND Pin=C10-2
Added Pin To Net: NetName=NetQ1_2 Pin=C11-1
Added Pin To Net: NetName=GND Pin=C11-2
Added Pin To Net: NetName=NetQ1_2 Pin=C12-1
Added Pin To Net: NetName=GND Pin=C12-2
Added Pin To Net: NetName=GND Pin=C13-2
Added Pin To Net: NetName=GND Pin=J2-5
Added Pin To Net: NetName=NetQ1_2 Pin=L1-2
Added Pin To Net: NetName=GND Pin=Q2-2
Added Pin To Net: NetName=GND Pin=Q3-3
Added Pin To Net: NetName=GND Pin=Q5-3
Added Pin To Net: NetName=GND Pin=Q6-2
Added Pin To Net: NetName=GND Pin=Q7-3
Added Pin To Net: NetName=GND Pin=Q9-2
Added Pin To Net: NetName=GND Pin=Q10-2
Added Pin To Net: NetName=NetU1_24 Pin=Q10-3
Added Pin To Net: NetName=NetU1_23 Pin=R11-1
Added Pin To Net: NetName=NetU1_12 Pin=R13-1
Added Pin To Net: NetName=GND Pin=R15-1
Added Pin To Net: NetName=NetU1_7 Pin=R16-1
Added Pin To Net: NetName=NetR5_1 Pin=R18-1
Added Pin To Net: NetName=VCC Pin=R18-2
Added Pin To Net: NetName=NetR5_1 Pin=R19-2
Added Pin To Net: NetName=GND Pin=R20-1
Added Pin To Net: NetName=GND Pin=R21-2
Added Pin To Net: NetName=NetU1_6 Pin=R22-1
Added Pin To Net: NetName=GND Pin=R24-1
Added Pin To Net: NetName=NetU1_5 Pin=R25-2
Added Pin To Net: NetName=NetU1_4 Pin=R27-2
Added Pin To Net: NetName=NetU1_4 Pin=R28-1
Added Pin To Net: NetName=GND Pin=R28-2
Added Pin To Net: NetName=NetU1_24 Pin=R30-2
Added Pin To Net: NetName=NetU1_3 Pin=R31-1
Added Pin To Net: NetName=NetU1_2 Pin=R32-1
Added Pin To Net: NetName=NetU1_4 Pin=U1-2
Added Pin To Net: NetName=NetU1_23 Pin=U1-3
Added Pin To Net: NetName=NetU1_6 Pin=U1-4
Added Pin To Net: NetName=NetU1_7 Pin=U1-5
Added Pin To Net: NetName=NetU1_12 Pin=U1-6
Added Pin To Net: NetName=NetU1_2 Pin=U1-7
Added Pin To Net: NetName=NetU1_5 Pin=U1-12
Added Pin To Net: NetName=NetU1_3 Pin=U1-23
Change Net Name : Old Net Name=NetQ1_2 New Net Name=NetC6_1
Change Net Name : Old Net Name=NetU1_2 New Net Name=NetR32_1
Change Net Name : Old Net Name=NetU1_3 New Net Name=NetR31_1
Change Net Name : Old Net Name=NetU1_4 New Net Name=NetR27_2
Change Net Name : Old Net Name=NetU1_5 New Net Name=NetR25_2
Change Net Name : Old Net Name=NetU1_6 New Net Name=NetR22_1
Change Net Name : Old Net Name=NetU1_7 New Net Name=NetR16_1
Change Net Name : Old Net Name=NetU1_12 New Net Name=NetR13_1
Change Net Name : Old Net Name=NetU1_23 New Net Name=NetR11_1
Change Net Name : Old Net Name=NetU1_24 New Net Name=NetQ10_3
Added Pin To Net: NetName=NetC13_1 Pin=C13-1
Added Pin To Net: NetName=NetC13_1 Pin=D6-2
Added Pin To Net: NetName=NetC13_1 Pin=Q8-2
Added Pin To Net: NetName=NetC13_1 Pin=R26-1
Added Pin To Net: NetName=NetC13_1 Pin=R27-1
Added Net: Name=NetC13_1
Added Pin To Net: NetName=NetD4_1 Pin=D4-1
Added Pin To Net: NetName=NetD4_1 Pin=D5-2
Added Pin To Net: NetName=NetD4_1 Pin=J2-3
Added Pin To Net: NetName=NetD4_1 Pin=R11-2
Added Pin To Net: NetName=NetD4_1 Pin=R12-2
Added Net: Name=NetD4_1
Added Pin To Net: NetName=NetD4_2 Pin=D4-2
Added Pin To Net: NetName=NetD4_2 Pin=Q3-1
Added Pin To Net: NetName=NetD4_2 Pin=Q5-1
Added Pin To Net: NetName=NetD4_2 Pin=Q7-1
Added Pin To Net: NetName=NetD4_2 Pin=R21-1
Added Net: Name=NetD4_2
Added Pin To Net: NetName=NetD5_1 Pin=D5-1
Added Net: Name=NetD5_1
Added Pin To Net: NetName=NetD6_1 Pin=D6-1
Added Pin To Net: NetName=NetD6_1 Pin=L1-1
Added Pin To Net: NetName=NetD6_1 Pin=Q6-3
Added Net: Name=NetD6_1
Added Pin To Net: NetName=NetJ2_1 Pin=J2-1
Added Pin To Net: NetName=NetJ2_1 Pin=Q8-3
Added Pin To Net: NetName=NetJ2_1 Pin=R30-1
Added Net: Name=NetJ2_1
Added Pin To Net: NetName=NetJ2_7 Pin=J2-7
Added Pin To Net: NetName=NetJ2_7 Pin=R23-2
Added Pin To Net: NetName=NetJ2_7 Pin=R24-2
Added Net: Name=NetJ2_7
Added Pin To Net: NetName=NetJ2_9 Pin=J2-9
Added Pin To Net: NetName=NetJ2_9 Pin=R17-2
Added Pin To Net: NetName=NetJ2_9 Pin=R20-2
Added Net: Name=NetJ2_9
Added Pin To Net: NetName=NetJ2_10 Pin=J2-10
Added Pin To Net: NetName=NetJ2_10 Pin=R14-2
Added Net: Name=NetJ2_10
Added Pin To Net: NetName=NetQ2_1 Pin=Q2-1
Added Pin To Net: NetName=NetQ2_1 Pin=R15-2
Added Pin To Net: NetName=NetQ2_1 Pin=U1-24
Added Net: Name=NetQ2_1
Added Pin To Net: NetName=NetQ2_3 Pin=Q2-3
Added Pin To Net: NetName=NetQ2_3 Pin=R12-1
Added Net: Name=NetQ2_3
Added Pin To Net: NetName=NetQ3_2 Pin=Q3-2
Added Pin To Net: NetName=NetQ3_2 Pin=R13-2
Added Pin To Net: NetName=NetQ3_2 Pin=R14-1
Added Net: Name=NetQ3_2
Added Pin To Net: NetName=NetQ4_1 Pin=R19-1
Added Net: Name=NetQ4_1
Added Pin To Net: NetName=NetQ5_2 Pin=Q5-2
Added Pin To Net: NetName=NetQ5_2 Pin=R16-2
Added Pin To Net: NetName=NetQ5_2 Pin=R17-1
Added Net: Name=NetQ5_2
Added Pin To Net: NetName=NetQ6_1 Pin=Q6-1
Added Pin To Net: NetName=NetQ6_1 Pin=R25-1
Added Net: Name=NetQ6_1
Added Pin To Net: NetName=NetQ7_2 Pin=Q7-2
Added Pin To Net: NetName=NetQ7_2 Pin=R22-2
Added Pin To Net: NetName=NetQ7_2 Pin=R23-1
Added Net: Name=NetQ7_2
Added Pin To Net: NetName=NetQ8_1 Pin=Q8-1
Added Pin To Net: NetName=NetQ8_1 Pin=R26-2
Added Pin To Net: NetName=NetQ8_1 Pin=R29-1
Added Net: Name=NetQ8_1
Added Pin To Net: NetName=NetQ9_1 Pin=Q9-1
Added Pin To Net: NetName=NetQ9_1 Pin=R31-2
Added Net: Name=NetQ9_1
Added Pin To Net: NetName=NetQ9_3 Pin=Q9-3
Added Pin To Net: NetName=NetQ9_3 Pin=R29-2
Added Net: Name=NetQ9_3
Added Pin To Net: NetName=NetQ10_1 Pin=Q10-1
Added Pin To Net: NetName=NetQ10_1 Pin=R32-2
Added Net: Name=NetQ10_1
Added Class: Name=PICKIT2-Original-WithOut-Memory-1
Added Room: Name=PICKIT2-Original-WithOut-Memory
Added Room: Name=PICKIT2-Original-WithOut-Memory-1
