Added Component: Designator=C1(CAP_RAD_4mm)
Add component. Clean all parameters for all variants
Added Component: Designator=C2(CAP_DISC_PITCH_2.54MM)
Add component. Clean all parameters for all variants
Added Component: Designator=C3(CAP_RAD_4mm)
Add component. Clean all parameters for all variants
Added Component: Designator=C4(CAP_DISC_PITCH_2.54MM)
Add component. Clean all parameters for all variants
Added Component: Designator=C5(CAP_DISC_PITCH_2.54MM)
Add component. Clean all parameters for all variants
Added Component: Designator=C6(CAP_DISC_PITCH_2.54MM)
Add component. Clean all parameters for all variants
Added Component: Designator=C7(CAP_RAD_4mm)
Add component. Clean all parameters for all variants
Added Component: Designator=J1(USB-B-TYPE)
Add component. Clean all parameters for all variants
Added Component: Designator=J2(Header 5x2 TH Pitch 2.54mm)
Add component. Clean all parameters for all variants
Added Component: Designator=LED1(LED_5MM)
Add component. Clean all parameters for all variants
Added Component: Designator=LED2(LED_5MM)
Add component. Clean all parameters for all variants
Added Component: Designator=Q1(TO-92)
Add component. Clean all parameters for all variants
Added Component: Designator=Q2(TO-92)
Add component. Clean all parameters for all variants
Added Component: Designator=Q3(TO-92)
Add component. Clean all parameters for all variants
Added Component: Designator=Q4(TO-92)
Add component. Clean all parameters for all variants
Added Component: Designator=R1(RES-0.25W-H-MF)
Add component. Clean all parameters for all variants
Added Component: Designator=R2(RES-0.25W-H-MF)
Add component. Clean all parameters for all variants
Added Component: Designator=R3(RES-0.25W-H-MF)
Add component. Clean all parameters for all variants
Added Component: Designator=R4(RES-0.5W-HH-MF)
Add component. Clean all parameters for all variants
Added Component: Designator=R5(RES-0.25W-H-MF)
Add component. Clean all parameters for all variants
Added Component: Designator=R6(RES-0.25W-H-MF)
Add component. Clean all parameters for all variants
Added Component: Designator=R7(RES-0.25W-H-MF)
Add component. Clean all parameters for all variants
Added Component: Designator=R8(RES-0.25W-H-MF)
Add component. Clean all parameters for all variants
Added Component: Designator=R9(RES-0.25W-H-MF)
Add component. Clean all parameters for all variants
Added Component: Designator=R10(RES-0.25W-H-MF)
Add component. Clean all parameters for all variants
Added Component: Designator=R11(RES-0.25W-H-MF)
Add component. Clean all parameters for all variants
Added Component: Designator=R12(RES-0.25W-H-MF)
Add component. Clean all parameters for all variants
Added Component: Designator=R13(RES-0.25W-H-MF)
Add component. Clean all parameters for all variants
Added Component: Designator=R14(RES-0.25W-H-MF)
Add component. Clean all parameters for all variants
Added Component: Designator=R15(RES-0.25W-H-MF)
Add component. Clean all parameters for all variants
Added Component: Designator=R16(RES-0.25W-H-MF)
Add component. Clean all parameters for all variants
Added Component: Designator=R17(RES-0.25W-H-MF)
Add component. Clean all parameters for all variants
Added Component: Designator=SW1(BUTTON_HOLE_5.0mm)
Add component. Clean all parameters for all variants
Added Component: Designator=U1(DIP28_M04)
Add component. Clean all parameters for all variants
Added Component: Designator=Y1(HC-49S)
Add component. Clean all parameters for all variants
Added Pin To Net: NetName=BUSY Pin=R3-2
Added Pin To Net: NetName=BUSY Pin=U1-11
Added Net: Name=BUSY
Added Pin To Net: NetName=GND Pin=C1-2
Added Pin To Net: NetName=GND Pin=C2-1
Added Pin To Net: NetName=GND Pin=C3-2
Added Pin To Net: NetName=GND Pin=C4-2
Added Pin To Net: NetName=GND Pin=C5-2
Added Pin To Net: NetName=GND Pin=C6-1
Added Pin To Net: NetName=GND Pin=C7-2
Added Pin To Net: NetName=GND Pin=J1-4
Added Pin To Net: NetName=GND Pin=J2-6
Added Pin To Net: NetName=GND Pin=LED1-2
Added Pin To Net: NetName=GND Pin=LED2-2
Added Pin To Net: NetName=GND Pin=Q1-1
Added Pin To Net: NetName=GND Pin=Q3-1
Added Pin To Net: NetName=GND Pin=Q4-1
Added Pin To Net: NetName=GND Pin=R13-1
Added Pin To Net: NetName=GND Pin=SW1-4
Added Pin To Net: NetName=GND Pin=U1-8
Added Pin To Net: NetName=GND Pin=U1-19
Added Net: Name=GND
Added Pin To Net: NetName=ICSP_AUX Pin=R10-2
Added Pin To Net: NetName=ICSP_AUX Pin=U1-6
Added Net: Name=ICSP_AUX
Added Pin To Net: NetName=ICSP_PGC Pin=R11-1
Added Pin To Net: NetName=ICSP_PGC Pin=U1-5
Added Net: Name=ICSP_PGC
Added Pin To Net: NetName=ICSP_PGD Pin=R12-1
Added Pin To Net: NetName=ICSP_PGD Pin=U1-4
Added Net: Name=ICSP_PGD
Added Pin To Net: NetName=ICSP_VDD Pin=J2-8
Added Pin To Net: NetName=ICSP_VDD Pin=R9-1
Added Net: Name=ICSP_VDD
Added Pin To Net: NetName=ICSP_VPP Pin=J2-10
Added Pin To Net: NetName=ICSP_VPP Pin=Q2-2
Added Pin To Net: NetName=ICSP_VPP Pin=R15-2
Added Net: Name=ICSP_VPP
Added Pin To Net: NetName=MCLR Pin=R17-2
Added Pin To Net: NetName=MCLR Pin=U1-7
Added Net: Name=MCLR
Added Pin To Net: NetName=NetC3_1 Pin=C3-1
Added Pin To Net: NetName=NetC3_1 Pin=U1-14
Added Net: Name=NetC3_1
Added Pin To Net: NetName=NetC7_1 Pin=C7-1
Added Pin To Net: NetName=NetC7_1 Pin=Q2-1
Added Pin To Net: NetName=NetC7_1 Pin=R5-1
Added Pin To Net: NetName=NetC7_1 Pin=R7-2
Added Pin To Net: NetName=NetC7_1 Pin=R8-2
Added Net: Name=NetC7_1
Added Pin To Net: NetName=NetJ1_2 Pin=J1-2
Added Pin To Net: NetName=NetJ1_2 Pin=U1-15
Added Net: Name=NetJ1_2
Added Pin To Net: NetName=NetJ1_3 Pin=J1-3
Added Pin To Net: NetName=NetJ1_3 Pin=U1-16
Added Net: Name=NetJ1_3
Added Pin To Net: NetName=NetJ2_1 Pin=J2-1
Added Pin To Net: NetName=NetJ2_1 Pin=R10-1
Added Net: Name=NetJ2_1
Added Pin To Net: NetName=NetJ2_2 Pin=J2-2
Added Pin To Net: NetName=NetJ2_2 Pin=R11-2
Added Net: Name=NetJ2_2
Added Pin To Net: NetName=NetJ2_4 Pin=J2-4
Added Pin To Net: NetName=NetJ2_4 Pin=R12-2
Added Net: Name=NetJ2_4
Added Pin To Net: NetName=NetLED1_1 Pin=LED1-1
Added Pin To Net: NetName=NetLED1_1 Pin=R2-1
Added Net: Name=NetLED1_1
Added Pin To Net: NetName=NetLED2_1 Pin=LED2-1
Added Pin To Net: NetName=NetLED2_1 Pin=R3-1
Added Net: Name=NetLED2_1
Added Pin To Net: NetName=NetQ1_2 Pin=Q1-2
Added Pin To Net: NetName=NetQ1_2 Pin=R4-1
Added Pin To Net: NetName=NetQ1_2 Pin=R5-2
Added Net: Name=NetQ1_2
Added Pin To Net: NetName=NetQ1_3 Pin=Q1-3
Added Pin To Net: NetName=NetQ1_3 Pin=R6-1
Added Net: Name=NetQ1_3
Added Pin To Net: NetName=NetQ2_3 Pin=Q2-3
Added Pin To Net: NetName=NetQ2_3 Pin=R8-1
Added Pin To Net: NetName=NetQ2_3 Pin=R14-2
Added Net: Name=NetQ2_3
Added Pin To Net: NetName=NetQ3_2 Pin=Q3-2
Added Pin To Net: NetName=NetQ3_2 Pin=R14-1
Added Net: Name=NetQ3_2
Added Pin To Net: NetName=NetQ3_3 Pin=Q3-3
Added Pin To Net: NetName=NetQ3_3 Pin=R16-1
Added Net: Name=NetQ3_3
Added Pin To Net: NetName=NetQ4_2 Pin=Q4-2
Added Pin To Net: NetName=NetQ4_2 Pin=R15-1
Added Net: Name=NetQ4_2
Added Pin To Net: NetName=NetQ4_3 Pin=Q4-3
Added Pin To Net: NetName=NetQ4_3 Pin=R17-1
Added Net: Name=NetQ4_3
Added Pin To Net: NetName=NetR1_1 Pin=R1-1
Added Pin To Net: NetName=NetR1_1 Pin=U1-3
Added Net: Name=NetR1_1
Added Pin To Net: NetName=OSC1 Pin=C4-1
Added Pin To Net: NetName=OSC1 Pin=U1-9
Added Pin To Net: NetName=OSC1 Pin=Y1-2
Added Net: Name=OSC1
Added Pin To Net: NetName=OSC2 Pin=C5-1
Added Pin To Net: NetName=OSC2 Pin=U1-10
Added Pin To Net: NetName=OSC2 Pin=Y1-1
Added Net: Name=OSC2
Added Pin To Net: NetName=START_BT Pin=SW1-2
Added Pin To Net: NetName=START_BT Pin=U1-26
Added Net: Name=START_BT
Added Pin To Net: NetName=VCC Pin=C1-1
Added Pin To Net: NetName=VCC Pin=C2-2
Added Pin To Net: NetName=VCC Pin=C6-2
Added Pin To Net: NetName=VCC Pin=J1-1
Added Pin To Net: NetName=VCC Pin=R1-2
Added Pin To Net: NetName=VCC Pin=R2-2
Added Pin To Net: NetName=VCC Pin=R4-2
Added Pin To Net: NetName=VCC Pin=R9-2
Added Pin To Net: NetName=VCC Pin=U1-20
Added Net: Name=VCC
Added Pin To Net: NetName=VPP_FD Pin=R7-1
Added Pin To Net: NetName=VPP_FD Pin=R13-2
Added Pin To Net: NetName=VPP_FD Pin=U1-2
Added Net: Name=VPP_FD
Added Pin To Net: NetName=VPP_ON Pin=R16-2
Added Pin To Net: NetName=VPP_ON Pin=U1-23
Added Net: Name=VPP_ON
Added Pin To Net: NetName=VPP_PUMP Pin=R6-2
Added Pin To Net: NetName=VPP_PUMP Pin=U1-12
Added Net: Name=VPP_PUMP
Added Class: Name=Sheet1
Added Room: Name=Sheet1
