Added Component: Designator=C11(CAP_RAD_4mm)
Add component. Clean all parameters for all variants
Added Component: Designator=C12(CAP_RAD_4mm)
Add component. Clean all parameters for all variants
Added Component: Designator=J8(DC_K375A_Power)
Add component. Clean all parameters for all variants
Added Component: Designator=LED1(LED_5MM)
Add component. Clean all parameters for all variants
Added Component: Designator=R2(RES-0.25W-H-MF)
Add component. Clean all parameters for all variants
Added Component: Designator=U2(SOT223-3)
Add component. Clean all parameters for all variants
Added Pin To Net: NetName=PIN10 Pin=C11-2
Added Pin To Net: NetName=PIN10 Pin=C12-1
Added Pin To Net: NetName=PIN10 Pin=C12-2
Added Pin To Net: NetName=PIN10 Pin=J8-2
Added Pin To Net: NetName=PIN10 Pin=LED1-2
Added Pin To Net: NetName=PIN10 Pin=R2-1
Added Pin To Net: NetName=PIN10 Pin=U2-1
Added Pin To Net: NetName=PIN10 Pin=U2-2
Added Pin To Net: NetName=NetC11_1 Pin=C11-1
Added Pin To Net: NetName=NetC11_1 Pin=J8-1
Added Pin To Net: NetName=NetC11_1 Pin=U2-3
Added Net: Name=NetC11_1
Added Pin To Net: NetName=NetLED1_1 Pin=LED1-1
Added Pin To Net: NetName=NetLED1_1 Pin=R2-2
Added Net: Name=NetLED1_1
Added Member To Class: ClassName=Sheet2 Member=Component C11 100uF
Added Member To Class: ClassName=Sheet2 Member=Component C12 100uF
Added Member To Class: ClassName=Sheet2 Member=Component J8 Connector
Added Member To Class: ClassName=Sheet2 Member=Component LED1 LED 5mm
Added Member To Class: ClassName=Sheet2 Member=Component R2 10K
Added Member To Class: ClassName=Sheet2 Member=Component U2 AMS1117
Added Room: Name=Sheet2
