Removed Pin From Net: NetName=VCC Pin=R8-2
Removed Pin From Net: NetName=VCC Pin=R9-2
Added Component: Designator=J6(Header 8x2 TH Pitch 2.54mm)
Add component. Clean all parameters for all variants
Added Pin To Net: NetName=PIN10 Pin=J6-1
Added Pin To Net: NetName=VCC Pin=J6-2
Added Pin To Net: NetName=PIN10 Pin=J6-3
Added Pin To Net: NetName=VCC Pin=J6-4
Added Pin To Net: NetName=PIN10 Pin=J6-5
Added Pin To Net: NetName=VCC Pin=J6-6
Added Pin To Net: NetName=PIN10 Pin=J6-7
Added Pin To Net: NetName=VCC Pin=J6-8
Added Pin To Net: NetName=PIN10 Pin=J6-9
Added Pin To Net: NetName=PIN7 Pin=J6-10
Added Pin To Net: NetName=PIN10 Pin=J6-11
Added Pin To Net: NetName=PIN7 Pin=J6-12
Added Pin To Net: NetName=PIN10 Pin=J6-13
Added Pin To Net: NetName=PIN7 Pin=J6-14
Added Pin To Net: NetName=PIN10 Pin=J6-15
Added Pin To Net: NetName=PIN7 Pin=J6-16
Added Pin To Net: NetName=PIN7 Pin=R8-2
Added Pin To Net: NetName=PIN7 Pin=R9-2
Change Net Name : Old Net Name=VCC New Net Name=+5
Added Member To Class: ClassName=Sheet2 Member=Component J6 Header 8x2 TH Pitch 2.54mm
Added Room: Name=Sheet2
