Added Component: Designator=D2(L0805RED)
Add component. Clean all parameters for all variants
Added Component: Designator=D3(L0805RED)
Add component. Clean all parameters for all variants
Added Component: Designator=D4(L0805RED)
Add component. Clean all parameters for all variants
Added Component: Designator=D5(L0805RED)
Add component. Clean all parameters for all variants
Added Component: Designator=R4(R0805)
Add component. Clean all parameters for all variants
Added Component: Designator=R5(R0805)
Add component. Clean all parameters for all variants
Added Component: Designator=R6(R0805)
Add component. Clean all parameters for all variants
Added Component: Designator=R7(R0805)
Add component. Clean all parameters for all variants
Added Pin To Net: NetName=PIN10 Pin=D2-2
Added Pin To Net: NetName=PIN10 Pin=D3-2
Added Pin To Net: NetName=PIN10 Pin=D4-2
Added Pin To Net: NetName=PIN10 Pin=D5-2
Added Pin To Net: NetName=NetD2_1 Pin=D2-1
Added Pin To Net: NetName=NetD2_1 Pin=R4-1
Added Net: Name=NetD2_1
Added Pin To Net: NetName=NetD3_1 Pin=D3-1
Added Pin To Net: NetName=NetD3_1 Pin=R5-1
Added Net: Name=NetD3_1
Added Pin To Net: NetName=NetD4_1 Pin=D4-1
Added Pin To Net: NetName=NetD4_1 Pin=R6-1
Added Net: Name=NetD4_1
Added Pin To Net: NetName=NetD5_1 Pin=D5-1
Added Pin To Net: NetName=NetD5_1 Pin=R7-1
Added Net: Name=NetD5_1
Added Member To Class: ClassName=Sheet2 Member=Component D2 LED0805
Added Member To Class: ClassName=Sheet2 Member=Component D3 LED0805
Added Member To Class: ClassName=Sheet2 Member=Component D4 LED0805
Added Member To Class: ClassName=Sheet2 Member=Component D5 LED0805
Added Member To Class: ClassName=Sheet2 Member=Component R4 220
Added Member To Class: ClassName=Sheet2 Member=Component R5 220
Added Member To Class: ClassName=Sheet2 Member=Component R6 220
Added Member To Class: ClassName=Sheet2 Member=Component R7 220
Added Room: Name=Sheet2
