Removed Pin From Net: NetName=PTE8 Pin=U1-17
Removed Pin From Net: NetName=PTB5 Pin=U1-18
Removed Pin From Net: NetName=PTB4 Pin=U1-19
Removed Pin From Net: NetName=PTC3 Pin=U1-20
Removed Pin From Net: NetName=PTC2 Pin=U1-21
Removed Pin From Net: NetName=PTD7 Pin=U1-22
Removed Pin From Net: NetName=PTD6 Pin=U1-23
Removed Pin From Net: NetName=PTD5 Pin=U1-24
Removed Pin From Net: NetName=PTC1 Pin=U1-25
Removed Pin From Net: NetName=PTC0 Pin=U1-26
Removed Pin From Net: NetName=PTC17 Pin=U1-27
Removed Pin From Net: NetName=PTC16 Pin=U1-28
Removed Pin From Net: NetName=PTC15 Pin=U1-29
Removed Pin From Net: NetName=PTC14 Pin=U1-30
Removed Pin From Net: NetName=PTB3 Pin=U1-31
Removed Pin From Net: NetName=PTB2 Pin=U1-32
Removed Pin From Net: NetName=PTB1 Pin=U1-33
Removed Pin From Net: NetName=PTB0 Pin=U1-34
Removed Pin From Net: NetName=PTA7 Pin=U1-37
Removed Pin From Net: NetName=PTA6 Pin=U1-38
Removed Pin From Net: NetName=PTE7 Pin=U1-39
Removed Pin From Net: NetName=PTB13 Pin=U1-42
Removed Pin From Net: NetName=PTB12 Pin=U1-43
Removed Pin From Net: NetName=PTD4 Pin=U1-44
Removed Pin From Net: NetName=PTD3 Pin=U1-45
Removed Pin From Net: NetName=PTD2 Pin=U1-46
Removed Pin From Net: NetName=PTA3 Pin=U1-47
Removed Pin From Net: NetName=PTA2 Pin=U1-48
Removed Pin From Net: NetName=PTA1 Pin=U1-49
Removed Pin From Net: NetName=PTA0 Pin=U1-50
Removed Pin From Net: NetName=PTC7 Pin=U1-51
Removed Pin From Net: NetName=PTC6 Pin=U1-52
Removed Pin From Net: NetName=PTE6 Pin=U1-53
Removed Pin From Net: NetName=PTE2 Pin=U1-54
Removed Pin From Net: NetName=PTA13 Pin=U1-55
Removed Pin From Net: NetName=PTA12 Pin=U1-56
Removed Pin From Net: NetName=PTA11 Pin=U1-57
Removed Pin From Net: NetName=PTA10 Pin=U1-58
Removed Pin From Net: NetName=PTE1 Pin=U1-59
Removed Pin From Net: NetName=PTE0 Pin=U1-60
Removed Pin From Net: NetName=PTC5 Pin=U1-61
Removed Pin From Net: NetName=PTC4 Pin=U1-62
Removed Pin From Net: NetName=PTA5 Pin=U1-63
Removed Pin From Net: NetName=PTA4 Pin=U1-64
Added Pin To Net: NetName=MCU_VDD Pin=J1-7
Added Pin To Net: NetName=MCU_VDDA Pin=J1-8
Added Pin To Net: NetName=MCU_VREFH Pin=J1-9
Added Pin To Net: NetName=GND Pin=J1-10
Added Pin To Net: NetName=PTE8 Pin=J2-3
Added Pin To Net: NetName=PTE7 Pin=J2-4
Added Pin To Net: NetName=PTE6 Pin=J2-5
Added Pin To Net: NetName=PTE2 Pin=J2-6
Added Pin To Net: NetName=PTE1 Pin=J2-7
Added Pin To Net: NetName=PTE0 Pin=J2-8
Added Pin To Net: NetName=PTD7 Pin=J2-9
Added Pin To Net: NetName=PTD6 Pin=J2-10
Added Pin To Net: NetName=PTD5 Pin=J2-11
Added Pin To Net: NetName=PTD4 Pin=J2-12
Added Pin To Net: NetName=PTD3 Pin=J2-13
Added Pin To Net: NetName=PTD2 Pin=J2-14
Added Pin To Net: NetName=PTC17 Pin=J2-15
Added Pin To Net: NetName=PTC16 Pin=J2-16
Added Pin To Net: NetName=PTC15 Pin=J3-1
Added Pin To Net: NetName=PTC14 Pin=J3-2
Added Pin To Net: NetName=PTC7 Pin=J3-3
Added Pin To Net: NetName=PTC6 Pin=J3-4
Added Pin To Net: NetName=PTC5 Pin=J3-5
Added Pin To Net: NetName=PTC4 Pin=J3-6
Added Pin To Net: NetName=PTC3 Pin=J3-7
Added Pin To Net: NetName=GND Pin=J3-8
Added Pin To Net: NetName=MCU_VDD Pin=J3-9
Added Pin To Net: NetName=PTC2 Pin=J3-10
Added Pin To Net: NetName=PTC1 Pin=J3-11
Added Pin To Net: NetName=PTC0 Pin=J3-12
Added Pin To Net: NetName=PTB13 Pin=J3-13
Added Pin To Net: NetName=PTB12 Pin=J3-14
Added Pin To Net: NetName=PTB5 Pin=J3-15
Added Pin To Net: NetName=PTB4 Pin=J3-16
Added Pin To Net: NetName=PTB3 Pin=J4-1
Added Pin To Net: NetName=PTB2 Pin=J4-2
Added Pin To Net: NetName=PTB1 Pin=J4-3
Added Pin To Net: NetName=PTB0 Pin=J4-4
Added Pin To Net: NetName=PTA13 Pin=J4-5
Added Pin To Net: NetName=PTA12 Pin=J4-6
Added Pin To Net: NetName=PTA11 Pin=J4-7
Added Pin To Net: NetName=PTA10 Pin=J4-8
Added Pin To Net: NetName=PTA7 Pin=J4-9
Added Pin To Net: NetName=PTA6 Pin=J4-10
Added Pin To Net: NetName=PTA5 Pin=J4-11
Added Pin To Net: NetName=PTA4 Pin=J4-12
Added Pin To Net: NetName=PTA3 Pin=J4-13
Added Pin To Net: NetName=PTA2 Pin=J4-14
Added Pin To Net: NetName=PTA1 Pin=J4-15
Added Pin To Net: NetName=PTA0 Pin=J4-16
Added Pin To Net: NetName=PTE8 Pin=U1-19
Added Pin To Net: NetName=PTE7 Pin=U1-20
Added Pin To Net: NetName=PTE6 Pin=U1-21
Added Pin To Net: NetName=PTE2 Pin=U1-22
Added Pin To Net: NetName=PTE1 Pin=U1-23
Added Pin To Net: NetName=PTE0 Pin=U1-24
Added Pin To Net: NetName=PTD7 Pin=U1-25
Added Pin To Net: NetName=PTD6 Pin=U1-26
Added Pin To Net: NetName=PTD5 Pin=U1-27
Added Pin To Net: NetName=PTD4 Pin=U1-28
Added Pin To Net: NetName=PTD3 Pin=U1-29
Added Pin To Net: NetName=PTD2 Pin=U1-30
Added Pin To Net: NetName=PTC17 Pin=U1-31
Added Pin To Net: NetName=PTC16 Pin=U1-32
Added Pin To Net: NetName=PTC15 Pin=U1-33
Added Pin To Net: NetName=PTC14 Pin=U1-34
Added Pin To Net: NetName=PTC7 Pin=U1-35
Added Pin To Net: NetName=PTC6 Pin=U1-36
Added Pin To Net: NetName=PTC5 Pin=U1-37
Added Pin To Net: NetName=PTC4 Pin=U1-38
Added Pin To Net: NetName=PTC3 Pin=U1-39
Added Pin To Net: NetName=PTC2 Pin=U1-42
Added Pin To Net: NetName=PTC1 Pin=U1-43
Added Pin To Net: NetName=PTC0 Pin=U1-44
Added Pin To Net: NetName=PTB13 Pin=U1-45
Added Pin To Net: NetName=PTB12 Pin=U1-46
Added Pin To Net: NetName=PTB5 Pin=U1-47
Added Pin To Net: NetName=PTB4 Pin=U1-48
Added Pin To Net: NetName=PTB3 Pin=U1-49
Added Pin To Net: NetName=PTB2 Pin=U1-50
Added Pin To Net: NetName=PTB1 Pin=U1-51
Added Pin To Net: NetName=PTB0 Pin=U1-52
Added Pin To Net: NetName=PTA13 Pin=U1-53
Added Pin To Net: NetName=PTA12 Pin=U1-54
Added Pin To Net: NetName=PTA11 Pin=U1-55
Added Pin To Net: NetName=PTA10 Pin=U1-56
Added Pin To Net: NetName=PTA7 Pin=U1-57
Added Pin To Net: NetName=PTA6 Pin=U1-58
Added Pin To Net: NetName=PTA5 Pin=U1-59
Added Pin To Net: NetName=PTA4 Pin=U1-60
Added Pin To Net: NetName=PTA3 Pin=U1-61
Added Pin To Net: NetName=PTA2 Pin=U1-62
Added Pin To Net: NetName=PTA1 Pin=U1-63
Added Pin To Net: NetName=PTA0 Pin=U1-64
Change Net Name : Old Net Name=GND New Net Name=PIN10
Change Net Name : Old Net Name=MCU_VDD New Net Name=PIN7
Change Net Name : Old Net Name=MCU_VDDA New Net Name=PIN8
Change Net Name : Old Net Name=MCU_VREFH New Net Name=PIN9
Change Net Name : Old Net Name=PTA0 New Net Name=PIN64
Change Net Name : Old Net Name=PTA1 New Net Name=PIN63
Change Net Name : Old Net Name=PTA2 New Net Name=PIN62
Change Net Name : Old Net Name=PTA3 New Net Name=PIN61
Change Net Name : Old Net Name=PTA4 New Net Name=PIN60
Change Net Name : Old Net Name=PTA5 New Net Name=PIN59
Change Net Name : Old Net Name=PTA6 New Net Name=PIN58
Change Net Name : Old Net Name=PTA7 New Net Name=PIN57
Change Net Name : Old Net Name=PTA10 New Net Name=PIN56
Change Net Name : Old Net Name=PTA11 New Net Name=PIN55
Change Net Name : Old Net Name=PTA12 New Net Name=PIN54
Change Net Name : Old Net Name=PTA13 New Net Name=PIN53
Change Net Name : Old Net Name=PTB0 New Net Name=PIN52
Change Net Name : Old Net Name=PTB1 New Net Name=PIN51
Change Net Name : Old Net Name=PTB2 New Net Name=PIN50
Change Net Name : Old Net Name=PTB3 New Net Name=PIN49
Change Net Name : Old Net Name=PTB4 New Net Name=PIN48
Change Net Name : Old Net Name=PTB5 New Net Name=PIN47
Change Net Name : Old Net Name=PTB6 New Net Name=PIN12
Change Net Name : Old Net Name=PTB7 New Net Name=PIN11
Change Net Name : Old Net Name=PTB12 New Net Name=PIN46
Change Net Name : Old Net Name=PTB13 New Net Name=PIN45
Change Net Name : Old Net Name=PTC0 New Net Name=PIN44
Change Net Name : Old Net Name=PTC1 New Net Name=PIN43
Change Net Name : Old Net Name=PTC2 New Net Name=PIN42
Change Net Name : Old Net Name=PTC3 New Net Name=PIN39
Change Net Name : Old Net Name=PTC4 New Net Name=PIN38
Change Net Name : Old Net Name=PTC5 New Net Name=PIN37
Change Net Name : Old Net Name=PTC6 New Net Name=PIN36
Change Net Name : Old Net Name=PTC7 New Net Name=PIN35
Change Net Name : Old Net Name=PTC14 New Net Name=PIN34
Change Net Name : Old Net Name=PTC15 New Net Name=PIN33
Change Net Name : Old Net Name=PTC16 New Net Name=PIN32
Change Net Name : Old Net Name=PTC17 New Net Name=PIN31
Change Net Name : Old Net Name=PTD0 New Net Name=PIN2
Change Net Name : Old Net Name=PTD1 New Net Name=PIN1
Change Net Name : Old Net Name=PTD2 New Net Name=PIN30
Change Net Name : Old Net Name=PTD3 New Net Name=PIN29
Change Net Name : Old Net Name=PTD4 New Net Name=PIN28
Change Net Name : Old Net Name=PTD5 New Net Name=PIN27
Change Net Name : Old Net Name=PTD6 New Net Name=PIN26
Change Net Name : Old Net Name=PTD7 New Net Name=PIN25
Change Net Name : Old Net Name=PTD15 New Net Name=PIN15
Change Net Name : Old Net Name=PTD16 New Net Name=PIN14
Change Net Name : Old Net Name=PTE0 New Net Name=PIN24
Change Net Name : Old Net Name=PTE1 New Net Name=PIN23
Change Net Name : Old Net Name=PTE2 New Net Name=PIN22
Change Net Name : Old Net Name=PTE3 New Net Name=PIN13
Change Net Name : Old Net Name=PTE4 New Net Name=PIN6
Change Net Name : Old Net Name=PTE5 New Net Name=PIN5
Change Net Name : Old Net Name=PTE6 New Net Name=PIN21
Change Net Name : Old Net Name=PTE7 New Net Name=PIN20
Change Net Name : Old Net Name=PTE8 New Net Name=PIN19
Change Net Name : Old Net Name=PTE9 New Net Name=PIN16
Change Net Name : Old Net Name=PTE10 New Net Name=PIN4
Change Net Name : Old Net Name=PTE11 New Net Name=PIN3
Added Pin To Net: NetName=PIN17 Pin=J2-1
Added Pin To Net: NetName=PIN17 Pin=U1-17
Added Net: Name=PIN17
Added Pin To Net: NetName=PIN18 Pin=J2-2
Added Pin To Net: NetName=PIN18 Pin=U1-18
Added Net: Name=PIN18
Added Room: Name=Sheet2
