Added Component: Designator=B1(CR1220)
Add component. Clean all parameters for all variants
Added Component: Designator=C1(CAP_DISC_PITCH_2.54MM)
Add component. Clean all parameters for all variants
Added Component: Designator=C2(CAP_DISC_PITCH_2.54MM)
Add component. Clean all parameters for all variants
Added Component: Designator=C3(CAP_DISC_PITCH_2.54MM)
Add component. Clean all parameters for all variants
Added Component: Designator=C4(CAP_DISC_PITCH_2.54MM)
Add component. Clean all parameters for all variants
Added Component: Designator=C10(CAP_DISC_PITCH_2.54MM)
Add component. Clean all parameters for all variants
Added Component: Designator=J1(Header 4x2 TH Pitch 2.54mm)
Add component. Clean all parameters for all variants
Added Component: Designator=J3(Header 8x2 TH Pitch 2.54mm)
Add component. Clean all parameters for all variants
Added Component: Designator=J4(Header 8x2 TH Pitch 2.54mm)
Add component. Clean all parameters for all variants
Added Component: Designator=J5(Header 8x2 TH Pitch 2.54mm)
Add component. Clean all parameters for all variants
Added Component: Designator=J6(Header 5x2 TH Pitch 2.54mm)
Add component. Clean all parameters for all variants
Added Component: Designator=R4(RES-0.25W-H-MF)
Add component. Clean all parameters for all variants
Added Component: Designator=R5(RES-0.25W-H-MF)
Add component. Clean all parameters for all variants
Added Component: Designator=R6(RES-0.25W-H-MF)
Add component. Clean all parameters for all variants
Added Component: Designator=R7(RES-0.25W-H-MF)
Add component. Clean all parameters for all variants
Added Component: Designator=R8(RES-0.25W-H-MF)
Add component. Clean all parameters for all variants
Added Component: Designator=R9(RES-0.25W-H-MF)
Add component. Clean all parameters for all variants
Added Component: Designator=R10(RES-0.25W-H-MF)
Add component. Clean all parameters for all variants
Added Component: Designator=R16(RES-0.25W-H-MF)
Add component. Clean all parameters for all variants
Added Component: Designator=U1(QFP100-0.5 SOCKET PINOUT)
Add component. Clean all parameters for all variants
Added Component: Designator=Y1(HC-49S)
Add component. Clean all parameters for all variants
Added Component: Designator=Y2(DT-26)
Add component. Clean all parameters for all variants
Added Pin To Net: NetName=NetB1_1 Pin=B1-1
Added Pin To Net: NetName=GND Pin=B1-2
Added Pin To Net: NetName=PC15/OSC_IN Pin=C1-1
Added Pin To Net: NetName=GND Pin=C1-2
Added Pin To Net: NetName=PC16/OSC_OUT Pin=C2-1
Added Pin To Net: NetName=GND Pin=C2-2
Added Pin To Net: NetName=PC14/OSC32_IN Pin=C3-1
Added Pin To Net: NetName=GND Pin=C3-2
Added Pin To Net: NetName=PC15/OSC32_OUT Pin=C4-1
Added Pin To Net: NetName=GND Pin=C4-2
Added Pin To Net: NetName=GND Pin=C10-1
Added Pin To Net: NetName=NRST Pin=C10-2
Added Pin To Net: NetName=GND Pin=J1-1
Added Pin To Net: NetName=3.3V Pin=J1-2
Added Pin To Net: NetName=PB10/NRF-CE Pin=J1-3
Added Pin To Net: NetName=PB11/NRF-CSN Pin=J1-4
Added Pin To Net: NetName=PB13/SPI2_SCK Pin=J1-5
Added Pin To Net: NetName=PB15/SPI2_MOSI Pin=J1-6
Added Pin To Net: NetName=PB14/SPI2_MISO Pin=J1-7
Added Pin To Net: NetName=PIN53 Pin=J3-1
Added Pin To Net: NetName=PIN52 Pin=J3-2
Added Pin To Net: NetName=PIN51 Pin=J3-3
Added Pin To Net: NetName=PIN50 Pin=J3-4
Added Pin To Net: NetName=PIN49 Pin=J3-5
Added Pin To Net: NetName=PIN46 Pin=J3-6
Added Pin To Net: NetName=PIN45 Pin=J3-7
Added Pin To Net: NetName=PIN44 Pin=J3-8
Added Pin To Net: NetName=PIN43 Pin=J3-9
Added Pin To Net: NetName=PIN42 Pin=J3-10
Added Pin To Net: NetName=PIN41 Pin=J3-11
Added Pin To Net: NetName=PIN40 Pin=J3-12
Added Pin To Net: NetName=PIN39 Pin=J3-13
Added Pin To Net: NetName=PIN38 Pin=J3-14
Added Pin To Net: NetName=PIN37 Pin=J3-15
Added Pin To Net: NetName=PIN28 Pin=J3-16
Added Pin To Net: NetName=PIN27 Pin=J4-1
Added Pin To Net: NetName=PIN26 Pin=J4-2
Added Pin To Net: NetName=PIN25 Pin=J4-3
Added Pin To Net: NetName=PB3 Pin=J4-4
Added Pin To Net: NetName=PB4 Pin=J4-5
Added Pin To Net: NetName=PB5 Pin=J4-6
Added Pin To Net: NetName=PB6 Pin=J4-7
Added Pin To Net: NetName=PB7 Pin=J4-8
Added Pin To Net: NetName=PB8 Pin=J4-9
Added Pin To Net: NetName=PB9 Pin=J4-10
Added Pin To Net: NetName=PB10 Pin=J4-11
Added Pin To Net: NetName=PB11 Pin=J4-12
Added Pin To Net: NetName=PB12 Pin=J4-13
Added Pin To Net: NetName=PB13 Pin=J4-14
Added Pin To Net: NetName=PB14 Pin=J4-15
Added Pin To Net: NetName=PB15 Pin=J4-16
Added Pin To Net: NetName=PIN24 Pin=J5-1
Added Pin To Net: NetName=PIN23 Pin=J5-2
Added Pin To Net: NetName=PIN22 Pin=J5-3
Added Pin To Net: NetName=PIN21 Pin=J5-4
Added Pin To Net: NetName=PIN20 Pin=J5-5
Added Pin To Net: NetName=PIN17 Pin=J5-6
Added Pin To Net: NetName=PIN16 Pin=J5-7
Added Pin To Net: NetName=PIN15 Pin=J5-8
Added Pin To Net: NetName=PIN14 Pin=J5-9
Added Pin To Net: NetName=PIN11 Pin=J5-10
Added Pin To Net: NetName=PIN10 Pin=J5-11
Added Pin To Net: NetName=PIN9 Pin=J5-12
Added Pin To Net: NetName=PIN8 Pin=J5-13
Added Pin To Net: NetName=PIN7 Pin=J5-14
Added Pin To Net: NetName=PIN6 Pin=J5-15
Added Pin To Net: NetName=PIN5 Pin=J5-16
Added Pin To Net: NetName=PIN4 Pin=J6-1
Added Pin To Net: NetName=PIN3 Pin=J6-2
Added Pin To Net: NetName=PIN2 Pin=J6-3
Added Pin To Net: NetName=3.3V Pin=J6-4
Added Pin To Net: NetName=GND Pin=J6-5
Added Pin To Net: NetName=3.3V Pin=J6-6
Added Pin To Net: NetName=GND Pin=J6-7
Added Pin To Net: NetName=3.3V Pin=J6-8
Added Pin To Net: NetName=GND Pin=J6-9
Added Pin To Net: NetName=3.3V Pin=J6-10
Added Pin To Net: NetName=PC16/OSC_OUT Pin=R4-1
Added Pin To Net: NetName=PC15/OSC_IN Pin=R4-2
Added Pin To Net: NetName=PB4/TRST Pin=R5-1
Added Pin To Net: NetName=3.3V Pin=R5-2
Added Pin To Net: NetName=PA15/TDI Pin=R6-1
Added Pin To Net: NetName=3.3V Pin=R6-2
Added Pin To Net: NetName=PA13/TMS Pin=R7-1
Added Pin To Net: NetName=3.3V Pin=R7-2
Added Pin To Net: NetName=PA14/TCK Pin=R8-1
Added Pin To Net: NetName=3.3V Pin=R8-2
Added Pin To Net: NetName=PB3/TDO Pin=R9-1
Added Pin To Net: NetName=3.3V Pin=R9-2
Added Pin To Net: NetName=PC15/OSC32_OUT Pin=R10-1
Added Pin To Net: NetName=PC14/OSC32_IN Pin=R10-2
Added Pin To Net: NetName=NRST Pin=R16-1
Added Pin To Net: NetName=3.3V Pin=R16-2
Added Pin To Net: NetName=NetB1_1 Pin=U1-1
Added Pin To Net: NetName=PIN7 Pin=U1-2
Added Pin To Net: NetName=PIN6 Pin=U1-3
Added Pin To Net: NetName=PIN5 Pin=U1-4
Added Pin To Net: NetName=PIN4 Pin=U1-5
Added Pin To Net: NetName=PIN3 Pin=U1-6
Added Pin To Net: NetName=NRST Pin=U1-7
Added Pin To Net: NetName=PIN24 Pin=U1-8
Added Pin To Net: NetName=PIN23 Pin=U1-9
Added Pin To Net: NetName=PIN22 Pin=U1-10
Added Pin To Net: NetName=PIN21 Pin=U1-11
Added Pin To Net: NetName=GND Pin=U1-12
Added Pin To Net: NetName=3.3V Pin=U1-13
Added Pin To Net: NetName=PIN53 Pin=U1-14
Added Pin To Net: NetName=PIN52 Pin=U1-15
Added Pin To Net: NetName=PIN51 Pin=U1-16
Added Pin To Net: NetName=PIN50 Pin=U1-17
Added Pin To Net: NetName=GND Pin=U1-18
Added Pin To Net: NetName=3.3V Pin=U1-19
Added Pin To Net: NetName=PIN49 Pin=U1-20
Added Pin To Net: NetName=PIN46 Pin=U1-21
Added Pin To Net: NetName=PIN45 Pin=U1-22
Added Pin To Net: NetName=PIN44 Pin=U1-23
Added Pin To Net: NetName=PIN20 Pin=U1-24
Added Pin To Net: NetName=PIN17 Pin=U1-25
Added Pin To Net: NetName=PIN27 Pin=U1-26
Added Pin To Net: NetName=PIN26 Pin=U1-27
Added Pin To Net: NetName=PIN25 Pin=U1-28
Added Pin To Net: NetName=PB10 Pin=U1-29
Added Pin To Net: NetName=PB11 Pin=U1-30
Added Pin To Net: NetName=GND Pin=U1-31
Added Pin To Net: NetName=3.3V Pin=U1-32
Added Pin To Net: NetName=PB12 Pin=U1-33
Added Pin To Net: NetName=PB13 Pin=U1-34
Added Pin To Net: NetName=PB14 Pin=U1-35
Added Pin To Net: NetName=PB15 Pin=U1-36
Added Pin To Net: NetName=PIN16 Pin=U1-37
Added Pin To Net: NetName=PIN15 Pin=U1-38
Added Pin To Net: NetName=PIN14 Pin=U1-39
Added Pin To Net: NetName=PIN11 Pin=U1-40
Added Pin To Net: NetName=PIN43 Pin=U1-41
Added Pin To Net: NetName=PIN42 Pin=U1-42
Added Pin To Net: NetName=PIN41 Pin=U1-43
Added Pin To Net: NetName=PIN40 Pin=U1-44
Added Pin To Net: NetName=PIN39 Pin=U1-45
Added Pin To Net: NetName=PIN38 Pin=U1-46
Added Pin To Net: NetName=GND Pin=U1-47
Added Pin To Net: NetName=3.3V Pin=U1-48
Added Pin To Net: NetName=PIN37 Pin=U1-49
Added Pin To Net: NetName=PIN28 Pin=U1-50
Added Pin To Net: NetName=PIN10 Pin=U1-51
Added Pin To Net: NetName=PIN9 Pin=U1-52
Added Pin To Net: NetName=PIN8 Pin=U1-53
Added Pin To Net: NetName=PIN2 Pin=U1-54
Added Pin To Net: NetName=PB3 Pin=U1-55
Added Pin To Net: NetName=PB4 Pin=U1-56
Added Pin To Net: NetName=PB5 Pin=U1-57
Added Pin To Net: NetName=PB6 Pin=U1-58
Added Pin To Net: NetName=PB7 Pin=U1-59
Added Pin To Net: NetName=PB8 Pin=U1-61
Added Pin To Net: NetName=PB9 Pin=U1-62
Added Pin To Net: NetName=GND Pin=U1-63
Added Pin To Net: NetName=3.3V Pin=U1-64
Added Pin To Net: NetName=PC16/OSC_OUT Pin=Y1-1
Added Pin To Net: NetName=PC15/OSC_IN Pin=Y1-2
Added Pin To Net: NetName=PC15/OSC32_OUT Pin=Y2-1
Added Pin To Net: NetName=PC14/OSC32_IN Pin=Y2-2
Change Net Name : Old Net Name=PIN2 New Net Name=PD2
Change Net Name : Old Net Name=PIN3 New Net Name=PD1
Change Net Name : Old Net Name=PIN4 New Net Name=PD0
Change Net Name : Old Net Name=PIN5 New Net Name=PC15
Change Net Name : Old Net Name=PIN6 New Net Name=PC14
Change Net Name : Old Net Name=PIN7 New Net Name=PC13
Change Net Name : Old Net Name=PIN8 New Net Name=PC12
Change Net Name : Old Net Name=PIN9 New Net Name=PC11
Change Net Name : Old Net Name=PIN10 New Net Name=PC10
Change Net Name : Old Net Name=PIN11 New Net Name=PC9
Change Net Name : Old Net Name=PIN14 New Net Name=PC8
Change Net Name : Old Net Name=PIN15 New Net Name=PC7
Change Net Name : Old Net Name=PIN16 New Net Name=PC6
Change Net Name : Old Net Name=PIN17 New Net Name=PC5
Change Net Name : Old Net Name=PIN20 New Net Name=PC4
Change Net Name : Old Net Name=PIN21 New Net Name=PC3
Change Net Name : Old Net Name=PIN22 New Net Name=PC2
Change Net Name : Old Net Name=PIN23 New Net Name=PC1
Change Net Name : Old Net Name=PIN24 New Net Name=PC0
Change Net Name : Old Net Name=PIN25 New Net Name=PB2
Change Net Name : Old Net Name=PIN26 New Net Name=PB1
Change Net Name : Old Net Name=PIN27 New Net Name=PB0
Change Net Name : Old Net Name=PIN28 New Net Name=PA15
Change Net Name : Old Net Name=PIN37 New Net Name=PA14
Change Net Name : Old Net Name=PIN38 New Net Name=PA13
Change Net Name : Old Net Name=PIN39 New Net Name=PA12
Change Net Name : Old Net Name=PIN40 New Net Name=PA11
Change Net Name : Old Net Name=PIN41 New Net Name=PA10
Change Net Name : Old Net Name=PIN42 New Net Name=PA9
Change Net Name : Old Net Name=PIN43 New Net Name=PA8
Change Net Name : Old Net Name=PIN44 New Net Name=PA7
Change Net Name : Old Net Name=PIN45 New Net Name=PA6
Change Net Name : Old Net Name=PIN46 New Net Name=PA5
Change Net Name : Old Net Name=PIN49 New Net Name=PA4
Change Net Name : Old Net Name=PIN50 New Net Name=PA3
Change Net Name : Old Net Name=PIN51 New Net Name=PA2
Change Net Name : Old Net Name=PIN52 New Net Name=PA1
Change Net Name : Old Net Name=PIN53 New Net Name=PA0
Added Member To Class: ClassName=Sheet3 Member=Component B1 Batery
Added Member To Class: ClassName=Sheet3 Member=Component C1 22pF
Added Member To Class: ClassName=Sheet3 Member=Component C2 22pF
Added Member To Class: ClassName=Sheet3 Member=Component C3 100pF
Added Member To Class: ClassName=Sheet3 Member=Component C4 100pF
Added Member To Class: ClassName=Sheet3 Member=Component C10 100pF
Added Member To Class: ClassName=Sheet3 Member=Component J1 nRF24L01
Added Member To Class: ClassName=Sheet3 Member=Component J3 Header 8x2 TH Pitch 2.54mm
Added Member To Class: ClassName=Sheet3 Member=Component J4 Header 8x2 TH Pitch 2.54mm
Added Member To Class: ClassName=Sheet3 Member=Component J5 Header 8x2 TH Pitch 2.54mm
Added Member To Class: ClassName=Sheet3 Member=Component J6 Header 5x2 TH Pitch 2.54mm
Added Member To Class: ClassName=Sheet3 Member=Component R4 1M
Added Member To Class: ClassName=Sheet3 Member=Component R5 10K
Added Member To Class: ClassName=Sheet3 Member=Component R6 10K
Added Member To Class: ClassName=Sheet3 Member=Component R7 10K
Added Member To Class: ClassName=Sheet3 Member=Component R8 10K
Added Member To Class: ClassName=Sheet3 Member=Component R9 10K
Added Member To Class: ClassName=Sheet3 Member=Component R10 1M
Added Member To Class: ClassName=Sheet3 Member=Component R16 10K
Added Member To Class: ClassName=Sheet3 Member=Component U1 STM32F103RBT6(LQFP64)
Added Member To Class: ClassName=Sheet3 Member=Component Y1 8MHz
Added Member To Class: ClassName=Sheet3 Member=Component Y2 32.768KHz
Added Room: Name=Sheet3
