Removed Pin From Net: NetName=3.3V Pin=J4-1
Removed Pin From Net: NetName=3.3V Pin=J4-2
Removed Pin From Net: NetName=GND Pin=J4-3
Removed Pin From Net: NetName=PB4/TRST Pin=J4-4
Removed Pin From Net: NetName=GND Pin=J4-5
Removed Pin From Net: NetName=PA15/TDI Pin=J4-6
Removed Pin From Net: NetName=GND Pin=J4-7
Removed Pin From Net: NetName=PA13/TMS Pin=J4-8
Removed Pin From Net: NetName=GND Pin=J4-9
Removed Pin From Net: NetName=PA14/TCK Pin=J4-10
Removed Pin From Net: NetName=GND Pin=J4-11
Removed Pin From Net: NetName=GND Pin=J4-13
Removed Pin From Net: NetName=PB3/TDO Pin=J4-14
Removed Pin From Net: NetName=GND Pin=J4-15
Removed Pin From Net: NetName=NRST Pin=J4-16
Removed Pin From Net: NetName=GND Pin=J4-17
Removed Pin From Net: NetName=GND Pin=J4-19
Removed Member From Class: ClassName=Sheet3 Member=J4
Added Component: Designator=J?(IDC_CONNECTOR_20_2.54MM)
Add component. Clean all parameters for all variants
Added Pin To Net: NetName=3.3V Pin=J?-1
Added Pin To Net: NetName=3.3V Pin=J?-2
Added Pin To Net: NetName=GND Pin=J?-3
Added Pin To Net: NetName=PB4/TRST Pin=J?-4
Added Pin To Net: NetName=GND Pin=J?-5
Added Pin To Net: NetName=PA15/TDI Pin=J?-6
Added Pin To Net: NetName=GND Pin=J?-7
Added Pin To Net: NetName=PA13/TMS Pin=J?-8
Added Pin To Net: NetName=GND Pin=J?-9
Added Pin To Net: NetName=PA14/TCK Pin=J?-10
Added Pin To Net: NetName=GND Pin=J?-11
Added Pin To Net: NetName=GND Pin=J?-13
Added Pin To Net: NetName=PB3/TDO Pin=J?-14
Added Pin To Net: NetName=GND Pin=J?-15
Added Pin To Net: NetName=NRST Pin=J?-16
Added Pin To Net: NetName=GND Pin=J?-17
Added Pin To Net: NetName=GND Pin=J?-19
Added Pin To Net: NetName=NRST Pin=U1-7
Added Member To Class: ClassName=Sheet3 Member=Component J? JTAG
Added Room: Name=Sheet3
