Change Net Name : Old Net Name=PA0 New Net Name=PIN53
Change Net Name : Old Net Name=PA1 New Net Name=PIN52
Change Net Name : Old Net Name=PA2 New Net Name=PIN51
Change Net Name : Old Net Name=PA3 New Net Name=PIN50
Change Net Name : Old Net Name=PA4 New Net Name=PIN49
Change Net Name : Old Net Name=PA5 New Net Name=PIN46
Change Net Name : Old Net Name=PA6 New Net Name=PIN45
Change Net Name : Old Net Name=PA7 New Net Name=PIN44
Change Net Name : Old Net Name=PA8 New Net Name=PIN43
Change Net Name : Old Net Name=PA9 New Net Name=PIN42
Change Net Name : Old Net Name=PA10 New Net Name=PIN41
Change Net Name : Old Net Name=PA11 New Net Name=PIN40
Change Net Name : Old Net Name=PA12 New Net Name=PIN39
Change Net Name : Old Net Name=PA13 New Net Name=PIN38
Change Net Name : Old Net Name=PA14 New Net Name=PIN37
Change Net Name : Old Net Name=PA15 New Net Name=PIN28
Change Net Name : Old Net Name=PB0 New Net Name=PIN27
Change Net Name : Old Net Name=PB1 New Net Name=PIN26
Change Net Name : Old Net Name=PB2 New Net Name=PIN25
Change Net Name : Old Net Name=PC0 New Net Name=PIN24
Change Net Name : Old Net Name=PC1 New Net Name=PIN23
Change Net Name : Old Net Name=PC2 New Net Name=PIN22
Change Net Name : Old Net Name=PC3 New Net Name=PIN21
Change Net Name : Old Net Name=PC4 New Net Name=PIN20
Change Net Name : Old Net Name=PC5 New Net Name=PIN17
Change Net Name : Old Net Name=PC6 New Net Name=PIN16
Change Net Name : Old Net Name=PC7 New Net Name=PIN15
Change Net Name : Old Net Name=PC8 New Net Name=PIN14
Change Net Name : Old Net Name=PC9 New Net Name=PIN11
Change Net Name : Old Net Name=PC10 New Net Name=PIN10
Change Net Name : Old Net Name=PC10/CNTRL New Net Name=PIN9
Change Net Name : Old Net Name=PC11 New Net Name=PIN8
Change Net Name : Old Net Name=PC11/DISC New Net Name=PIN7
Change Net Name : Old Net Name=PC12 New Net Name=PIN6
Change Net Name : Old Net Name=PC12/LED New Net Name=PIN5
Change Net Name : Old Net Name=PC13 New Net Name=PIN4
Change Net Name : Old Net Name=PC14 New Net Name=PIN3
Change Net Name : Old Net Name=PC15 New Net Name=PIN2
Added Room: Name=Sheet3
