Removed Pin From Net: NetName=PB10/NRF-CE Pin=U1-29
Removed Pin From Net: NetName=PB11/NRF-CSN Pin=U1-30
Removed Pin From Net: NetName=PB12/SPI2_NSS Pin=U1-33
Removed Pin From Net: NetName=PB13/SPI2_SCK Pin=U1-34
Removed Pin From Net: NetName=PB14/SPI2_MISO Pin=U1-35
Removed Pin From Net: NetName=PB15/SPI2_MOSI Pin=U1-36
Removed Pin From Net: NetName=USBDM Pin=U1-44
Removed Pin From Net: NetName=USBDP Pin=U1-45
Removed Pin From Net: NetName=PA13/TMS Pin=U1-46
Removed Pin From Net: NetName=PA14/TCK Pin=U1-49
Removed Pin From Net: NetName=PA15/TDI Pin=U1-50
Removed Pin From Net: NetName=PB3/TDO Pin=U1-55
Removed Pin From Net: NetName=PB4/TRST Pin=U1-56
Removed Pin From Net: NetName=I2C1_SCL Pin=U1-58
Removed Pin From Net: NetName=I2C1_SDA Pin=U1-59
Removed Pin From Net: NetName=CAN_RX/PB8 Pin=U1-61
Removed Pin From Net: NetName=CAN_TX/PB9 Pin=U1-62
Added Component: Designator=B1(CR1220)
Add component. Clean all parameters for all variants
Added Component: Designator=C1(CAP_DISC_PITCH_2.54MM)
Add component. Clean all parameters for all variants
Added Component: Designator=C2(CAP_DISC_PITCH_2.54MM)
Add component. Clean all parameters for all variants
Added Component: Designator=C3(CAP_DISC_PITCH_2.54MM)
Add component. Clean all parameters for all variants
Added Component: Designator=C4(CAP_DISC_PITCH_2.54MM)
Add component. Clean all parameters for all variants
Added Component: Designator=C10(CAP_DISC_PITCH_2.54MM)
Add component. Clean all parameters for all variants
Added Component: Designator=J1(Header 4x2 TH Pitch 2.54mm)
Add component. Clean all parameters for all variants
Added Component: Designator=J2(IDC_CONNECTOR_20_2.54MM)
Add component. Clean all parameters for all variants
Added Component: Designator=J?(Header 8x2 TH Pitch 2.54mm)
Add component. Clean all parameters for all variants
Added Component: Designator=R4(RES-0.25W-H-MF)
Add component. Clean all parameters for all variants
Added Component: Designator=R5(RES-0.25W-H-MF)
Add component. Clean all parameters for all variants
Added Component: Designator=R6(RES-0.25W-H-MF)
Add component. Clean all parameters for all variants
Added Component: Designator=R7(RES-0.25W-H-MF)
Add component. Clean all parameters for all variants
Added Component: Designator=R8(RES-0.25W-H-MF)
Add component. Clean all parameters for all variants
Added Component: Designator=R9(RES-0.25W-H-MF)
Add component. Clean all parameters for all variants
Added Component: Designator=R10(RES-0.25W-H-MF)
Add component. Clean all parameters for all variants
Added Component: Designator=R16(RES-0.25W-H-MF)
Add component. Clean all parameters for all variants
Added Component: Designator=Y1(HC-49S)
Add component. Clean all parameters for all variants
Added Component: Designator=Y2(DT-26)
Add component. Clean all parameters for all variants
Added Pin To Net: NetName=NetB1_1 Pin=B1-1
Added Pin To Net: NetName=GND Pin=B1-2
Added Pin To Net: NetName=CAN_TX/PB9 Pin=C1-1
Added Pin To Net: NetName=GND Pin=C1-2
Added Pin To Net: NetName=CAN_RX/PB8 Pin=C2-1
Added Pin To Net: NetName=GND Pin=C2-2
Added Pin To Net: NetName=PC14/OSC32_IN Pin=C3-1
Added Pin To Net: NetName=GND Pin=C3-2
Added Pin To Net: NetName=PC15/OSC32_OUT Pin=C4-1
Added Pin To Net: NetName=GND Pin=C4-2
Added Pin To Net: NetName=GND Pin=C10-1
Added Pin To Net: NetName=GND Pin=J1-1
Added Pin To Net: NetName=3.3V Pin=J1-2
Added Pin To Net: NetName=PB10/NRF-CE Pin=J1-3
Added Pin To Net: NetName=PB11/NRF-CSN Pin=J1-4
Added Pin To Net: NetName=PB13/SPI2_SCK Pin=J1-5
Added Pin To Net: NetName=PB15/SPI2_MOSI Pin=J1-6
Added Pin To Net: NetName=PB14/SPI2_MISO Pin=J1-7
Added Pin To Net: NetName=3.3V Pin=J2-1
Added Pin To Net: NetName=3.3V Pin=J2-2
Added Pin To Net: NetName=GND Pin=J2-3
Added Pin To Net: NetName=PB4/TRST Pin=J2-4
Added Pin To Net: NetName=GND Pin=J2-5
Added Pin To Net: NetName=PA15/TDI Pin=J2-6
Added Pin To Net: NetName=GND Pin=J2-7
Added Pin To Net: NetName=PA13/TMS Pin=J2-8
Added Pin To Net: NetName=GND Pin=J2-9
Added Pin To Net: NetName=PA14/TCK Pin=J2-10
Added Pin To Net: NetName=GND Pin=J2-11
Added Pin To Net: NetName=GND Pin=J2-13
Added Pin To Net: NetName=PB3/TDO Pin=J2-14
Added Pin To Net: NetName=GND Pin=J2-15
Added Pin To Net: NetName=GND Pin=J2-17
Added Pin To Net: NetName=GND Pin=J2-19
Added Pin To Net: NetName=PB0 Pin=J?-1
Added Pin To Net: NetName=PB1 Pin=J?-2
Added Pin To Net: NetName=PB2 Pin=J?-3
Added Pin To Net: NetName=PB5 Pin=J?-6
Added Pin To Net: NetName=USBDP Pin=J?-11
Added Pin To Net: NetName=USBDM Pin=J?-12
Added Pin To Net: NetName=PD2 Pin=J?-13
Added Pin To Net: NetName=PB12/SPI2_NSS Pin=J?-14
Added Pin To Net: NetName=I2C1_SDA Pin=J?-15
Added Pin To Net: NetName=I2C1_SCL Pin=J?-16
Added Pin To Net: NetName=CAN_RX/PB8 Pin=R4-1
Added Pin To Net: NetName=CAN_TX/PB9 Pin=R4-2
Added Pin To Net: NetName=PB4/TRST Pin=R5-1
Added Pin To Net: NetName=3.3V Pin=R5-2
Added Pin To Net: NetName=PA15/TDI Pin=R6-1
Added Pin To Net: NetName=3.3V Pin=R6-2
Added Pin To Net: NetName=PA13/TMS Pin=R7-1
Added Pin To Net: NetName=3.3V Pin=R7-2
Added Pin To Net: NetName=PA14/TCK Pin=R8-1
Added Pin To Net: NetName=3.3V Pin=R8-2
Added Pin To Net: NetName=PB3/TDO Pin=R9-1
Added Pin To Net: NetName=3.3V Pin=R9-2
Added Pin To Net: NetName=PC15/OSC32_OUT Pin=R10-1
Added Pin To Net: NetName=PC14/OSC32_IN Pin=R10-2
Added Pin To Net: NetName=3.3V Pin=R16-2
Added Pin To Net: NetName=USBDP Pin=U1-29
Added Pin To Net: NetName=USBDM Pin=U1-30
Added Pin To Net: NetName=PD2 Pin=U1-33
Added Pin To Net: NetName=PB12/SPI2_NSS Pin=U1-34
Added Pin To Net: NetName=I2C1_SDA Pin=U1-35
Added Pin To Net: NetName=I2C1_SCL Pin=U1-36
Added Pin To Net: NetName=PA11 Pin=U1-44
Added Pin To Net: NetName=PA12 Pin=U1-45
Added Pin To Net: NetName=PA13 Pin=U1-46
Added Pin To Net: NetName=PA14 Pin=U1-49
Added Pin To Net: NetName=PA15 Pin=U1-50
Added Pin To Net: NetName=CAN_RX/PB8 Pin=Y1-1
Added Pin To Net: NetName=CAN_TX/PB9 Pin=Y1-2
Added Pin To Net: NetName=PC15/OSC32_OUT Pin=Y2-1
Added Pin To Net: NetName=PC14/OSC32_IN Pin=Y2-2
Change Net Name : Old Net Name=CAN_RX/PB8 New Net Name=PC16/OSC_OUT
Change Net Name : Old Net Name=CAN_TX/PB9 New Net Name=PC15/OSC_IN
Change Net Name : Old Net Name=I2C1_SCL New Net Name=PB15
Change Net Name : Old Net Name=I2C1_SDA New Net Name=PB14
Change Net Name : Old Net Name=NRST New Net Name=PD2
Change Net Name : Old Net Name=PB12/SPI2_NSS New Net Name=PB13
Change Net Name : Old Net Name=PC15/OSC_IN New Net Name=PD0
Change Net Name : Old Net Name=PC16/OSC_OUT New Net Name=PD1
Change Net Name : Old Net Name=PD2 New Net Name=PB12
Change Net Name : Old Net Name=USBDM New Net Name=PB11
Change Net Name : Old Net Name=USBDP New Net Name=PB10
Added Pin To Net: NetName=NRST Pin=C10-2
Added Pin To Net: NetName=NRST Pin=J2-16
Added Pin To Net: NetName=NRST Pin=R16-1
Added Pin To Net: NetName=NRST Pin=U1-7
Added Net: Name=NRST
Added Pin To Net: NetName=PB3 Pin=J?-4
Added Pin To Net: NetName=PB3 Pin=U1-55
Added Net: Name=PB3
Added Pin To Net: NetName=PB4 Pin=J?-5
Added Pin To Net: NetName=PB4 Pin=U1-56
Added Net: Name=PB4
Added Pin To Net: NetName=PB6 Pin=J?-7
Added Pin To Net: NetName=PB6 Pin=U1-58
Added Net: Name=PB6
Added Pin To Net: NetName=PB7 Pin=J?-8
Added Pin To Net: NetName=PB7 Pin=U1-59
Added Net: Name=PB7
Added Pin To Net: NetName=PB8 Pin=J?-9
Added Pin To Net: NetName=PB8 Pin=U1-61
Added Net: Name=PB8
Added Pin To Net: NetName=PB9 Pin=J?-10
Added Pin To Net: NetName=PB9 Pin=U1-62
Added Net: Name=PB9
Added Member To Class: ClassName=Sheet3 Member=Component B1 Batery
Added Member To Class: ClassName=Sheet3 Member=Component C1 22pF
Added Member To Class: ClassName=Sheet3 Member=Component C2 22pF
Added Member To Class: ClassName=Sheet3 Member=Component C3 100pF
Added Member To Class: ClassName=Sheet3 Member=Component C4 100pF
Added Member To Class: ClassName=Sheet3 Member=Component C10 100pF
Added Member To Class: ClassName=Sheet3 Member=Component J1 nRF24L01
Added Member To Class: ClassName=Sheet3 Member=Component J2 JTAG
Added Member To Class: ClassName=Sheet3 Member=Component J? Header 8x2 TH Pitch 2.54mm
Added Member To Class: ClassName=Sheet3 Member=Component R4 1M
Added Member To Class: ClassName=Sheet3 Member=Component R5 10K
Added Member To Class: ClassName=Sheet3 Member=Component R6 10K
Added Member To Class: ClassName=Sheet3 Member=Component R7 10K
Added Member To Class: ClassName=Sheet3 Member=Component R8 10K
Added Member To Class: ClassName=Sheet3 Member=Component R9 10K
Added Member To Class: ClassName=Sheet3 Member=Component R10 1M
Added Member To Class: ClassName=Sheet3 Member=Component R16 10K
Added Member To Class: ClassName=Sheet3 Member=Component Y1 8MHz
Added Member To Class: ClassName=Sheet3 Member=Component Y2 32.768KHz
Added Room: Name=Sheet3
