Added Component: Designator=C1(C0805)
Add component. Clean all parameters for all variants
Added Component: Designator=C2(C0805)
Add component. Clean all parameters for all variants
Added Component: Designator=C3(C0805)
Add component. Clean all parameters for all variants
Added Component: Designator=C4(C0805)
Add component. Clean all parameters for all variants
Added Component: Designator=C10(CAP_DISC_PITCH_2.54MM)
Add component. Clean all parameters for all variants
Added Component: Designator=R5(RES-0.25W-H-MF)
Add component. Clean all parameters for all variants
Added Component: Designator=R6(RES-0.25W-H-MF)
Add component. Clean all parameters for all variants
Added Component: Designator=R7(RES-0.25W-H-MF)
Add component. Clean all parameters for all variants
Added Component: Designator=R8(RES-0.25W-H-MF)
Add component. Clean all parameters for all variants
Added Component: Designator=R9(RES-0.25W-H-MF)
Add component. Clean all parameters for all variants
Added Component: Designator=R16(RES-0.25W-H-MF)
Add component. Clean all parameters for all variants
Added Component: Designator=Y1(SMD5032)
Add component. Clean all parameters for all variants
Added Component: Designator=Y2(SMD5032)
Add component. Clean all parameters for all variants
Added Pin To Net: NetName=PC15/OSC_IN Pin=C1-1
Added Pin To Net: NetName=GND Pin=C1-2
Added Pin To Net: NetName=PC16/OSC_OUT Pin=C2-1
Added Pin To Net: NetName=GND Pin=C2-2
Added Pin To Net: NetName=PC14/OSC32_IN Pin=C3-1
Added Pin To Net: NetName=GND Pin=C3-2
Added Pin To Net: NetName=PC15/OSC32_OUT Pin=C4-1
Added Pin To Net: NetName=GND Pin=C4-2
Added Pin To Net: NetName=GND Pin=C10-1
Added Pin To Net: NetName=NRST Pin=C10-2
Added Pin To Net: NetName=PB4/TRST Pin=R5-1
Added Pin To Net: NetName=3.3V Pin=R5-2
Added Pin To Net: NetName=PA15/TDI Pin=R6-1
Added Pin To Net: NetName=3.3V Pin=R6-2
Added Pin To Net: NetName=PA13/TMS Pin=R7-1
Added Pin To Net: NetName=3.3V Pin=R7-2
Added Pin To Net: NetName=PA14/TCK Pin=R8-1
Added Pin To Net: NetName=3.3V Pin=R8-2
Added Pin To Net: NetName=PB3/TDO Pin=R9-1
Added Pin To Net: NetName=3.3V Pin=R9-2
Added Pin To Net: NetName=NRST Pin=R16-1
Added Pin To Net: NetName=3.3V Pin=R16-2
Added Pin To Net: NetName=PC16/OSC_OUT Pin=Y1-1
Added Pin To Net: NetName=PC15/OSC_IN Pin=Y1-2
Added Pin To Net: NetName=PC15/OSC32_OUT Pin=Y2-1
Added Pin To Net: NetName=PC14/OSC32_IN Pin=Y2-2
Added Member To Class: ClassName=Sheet3 Member=Component C1 22pF
Added Member To Class: ClassName=Sheet3 Member=Component C2 22pF
Added Member To Class: ClassName=Sheet3 Member=Component C3 22pF
Added Member To Class: ClassName=Sheet3 Member=Component C4 22pF
Added Member To Class: ClassName=Sheet3 Member=Component C10 100pF
Added Member To Class: ClassName=Sheet3 Member=Component R5 10K
Added Member To Class: ClassName=Sheet3 Member=Component R6 10K
Added Member To Class: ClassName=Sheet3 Member=Component R7 10K
Added Member To Class: ClassName=Sheet3 Member=Component R8 10K
Added Member To Class: ClassName=Sheet3 Member=Component R9 10K
Added Member To Class: ClassName=Sheet3 Member=Component R16 10K
Added Member To Class: ClassName=Sheet3 Member=Component Y1 8MHz
Added Member To Class: ClassName=Sheet3 Member=Component Y2 8MHz
Added Room: Name=Sheet3
