Removed Pin From Net: NetName=GND Pin=C5-2
Removed Pin From Net: NetName=GND Pin=C6-2
Removed Pin From Net: NetName=3.3V Pin=C7-1
Removed Pin From Net: NetName=GND Pin=C7-2
Removed Pin From Net: NetName=GND Pin=C8-2
Removed Pin From Net: NetName=3.3V Pin=C9-1
Removed Pin From Net: NetName=GND Pin=C9-2
Removed Pin From Net: NetName=GND Pin=D1-1
Removed Pin From Net: NetName=3.3V Pin=J2-1
Removed Pin From Net: NetName=GND Pin=J2-3
Removed Pin From Net: NetName=GND Pin=J3-4
Removed Pin From Net: NetName=GND Pin=J3-8
Removed Pin From Net: NetName=GND Pin=J3-16
Removed Pin From Net: NetName=GND Pin=J5-4
Removed Pin From Net: NetName=GND Pin=J5-S1
Removed Pin From Net: NetName=GND Pin=J5-S2
Removed Pin From Net: NetName=3.3V Pin=LED1-1
Removed Pin From Net: NetName=GND Pin=Q2-2
Removed Pin From Net: NetName=GND Pin=Q3-2
Removed Pin From Net: NetName=PB2 Pin=R1-1
Removed Pin From Net: NetName=PB10/NRF-CE Pin=R2-1
Removed Pin From Net: NetName=3.3V Pin=R2-2
Removed Pin From Net: NetName=PB11/NRF-CSN Pin=R3-1
Removed Pin From Net: NetName=3.3V Pin=R3-2
Removed Pin From Net: NetName=USBDP Pin=R11-2
Removed Pin From Net: NetName=USBDM Pin=R12-2
Removed Pin From Net: NetName=GND Pin=R15-1
Removed Pin From Net: NetName=3.3V Pin=R17-2
Removed Pin From Net: NetName=3.3V Pin=R20-2
Removed Pin From Net: NetName=3.3V Pin=R23-2
Removed Pin From Net: NetName=GND Pin=SW2-2
Removed Pin From Net: NetName=GND Pin=SW3-2
Removed Pin From Net: NetName=GND Pin=SW4-2
Removed Pin From Net: NetName=CAN_TX/PB9 Pin=U2-1
Removed Pin From Net: NetName=GND Pin=U2-2
Removed Pin From Net: NetName=CAN_RX/PB8 Pin=U2-4
Removed Pin From Net: NetName=GND Pin=U3-2
Removed Pin From Net: NetName=GND Pin=U4-1
Removed Pin From Net: NetName=3.3V Pin=U4-2
Removed Pin From Net: NetName=3.3V Pin=U4-2
Removed Member From Class: ClassName=Sheet3 Member=C5
Removed Member From Class: ClassName=Sheet3 Member=C6
Removed Member From Class: ClassName=Sheet3 Member=C7
Removed Member From Class: ClassName=Sheet3 Member=C8
Removed Member From Class: ClassName=Sheet3 Member=C9
Removed Member From Class: ClassName=Sheet3 Member=D1
Removed Member From Class: ClassName=Sheet3 Member=J5
Removed Member From Class: ClassName=Sheet3 Member=J6
Removed Member From Class: ClassName=Sheet3 Member=J7
Removed Member From Class: ClassName=Sheet3 Member=J8
Removed Member From Class: ClassName=Sheet3 Member=LED1
Removed Member From Class: ClassName=Sheet3 Member=LED3
Removed Member From Class: ClassName=Sheet3 Member=LED4
Removed Member From Class: ClassName=Sheet3 Member=Q2
Removed Member From Class: ClassName=Sheet3 Member=Q3
Removed Member From Class: ClassName=Sheet3 Member=R11
Removed Member From Class: ClassName=Sheet3 Member=R12
Removed Member From Class: ClassName=Sheet3 Member=R13
Removed Member From Class: ClassName=Sheet3 Member=R14
Removed Member From Class: ClassName=Sheet3 Member=R15
Removed Member From Class: ClassName=Sheet3 Member=R17
Removed Member From Class: ClassName=Sheet3 Member=R18
Removed Member From Class: ClassName=Sheet3 Member=R19
Removed Member From Class: ClassName=Sheet3 Member=R20
Removed Member From Class: ClassName=Sheet3 Member=R21
Removed Member From Class: ClassName=Sheet3 Member=R22
Removed Member From Class: ClassName=Sheet3 Member=R23
Removed Member From Class: ClassName=Sheet3 Member=SW2
Removed Member From Class: ClassName=Sheet3 Member=SW3
Removed Member From Class: ClassName=Sheet3 Member=SW4
Removed Member From Class: ClassName=Sheet3 Member=U2
Removed Member From Class: ClassName=Sheet3 Member=U3
Removed Member From Class: ClassName=Sheet3 Member=U4
Added Component: Designator=C1(CAP_DISC_PITCH_2.54MM)
Add component. Clean all parameters for all variants
Added Component: Designator=C2(CAP_DISC_PITCH_2.54MM)
Add component. Clean all parameters for all variants
Added Component: Designator=R4(RES-0.25W-H-MF)
Add component. Clean all parameters for all variants
Added Component: Designator=Y1(HC-49S)
Add component. Clean all parameters for all variants
Added Pin To Net: NetName=PC15/OSC_IN Pin=C1-1
Added Pin To Net: NetName=GND Pin=C1-2
Added Pin To Net: NetName=PC16/OSC_OUT Pin=C2-1
Added Pin To Net: NetName=GND Pin=C2-2
Added Pin To Net: NetName=PC16/OSC_OUT Pin=R4-1
Added Pin To Net: NetName=PC15/OSC_IN Pin=R4-2
Added Pin To Net: NetName=PD2 Pin=U1-7
Added Pin To Net: NetName=PC16/OSC_OUT Pin=Y1-1
Added Pin To Net: NetName=PC15/OSC_IN Pin=Y1-2
Added Member To Class: ClassName=Sheet3 Member=Component C1 22pF
Added Member To Class: ClassName=Sheet3 Member=Component C2 22pF
Added Member To Class: ClassName=Sheet3 Member=Component R4 1M
Added Member To Class: ClassName=Sheet3 Member=Component Y1 8MHz
Added Room: Name=Sheet3
