Added Component: Designator=R5(R0805)
Add component. Clean all parameters for all variants
Added Component: Designator=R6(R0805)
Add component. Clean all parameters for all variants
Added Component: Designator=R7(R0805)
Add component. Clean all parameters for all variants
Added Component: Designator=R8(R0805)
Add component. Clean all parameters for all variants
Added Component: Designator=SW2(BUTTON_HOLE_5.0mm)
Add component. Clean all parameters for all variants
Added Component: Designator=SW3(BUTTON_HOLE_5.0mm)
Add component. Clean all parameters for all variants
Added Component: Designator=SW4(BUTTON_HOLE_5.0mm)
Add component. Clean all parameters for all variants
Added Component: Designator=SW5(BUTTON_HOLE_5.0mm)
Add component. Clean all parameters for all variants
Added Pin To Net: NetName=VCC Pin=R5-2
Added Pin To Net: NetName=VCC Pin=R6-2
Added Pin To Net: NetName=VCC Pin=R7-2
Added Pin To Net: NetName=VCC Pin=R8-2
Added Pin To Net: NetName=GND Pin=SW2-1
Added Pin To Net: NetName=GND Pin=SW3-1
Added Pin To Net: NetName=GND Pin=SW4-1
Added Pin To Net: NetName=GND Pin=SW5-1
Added Pin To Net: NetName=NetR5_1 Pin=R5-1
Added Pin To Net: NetName=NetR5_1 Pin=SW2-3
Added Net: Name=NetR5_1
Added Pin To Net: NetName=NetR6_1 Pin=R6-1
Added Pin To Net: NetName=NetR6_1 Pin=SW3-3
Added Net: Name=NetR6_1
Added Pin To Net: NetName=NetR7_1 Pin=R7-1
Added Pin To Net: NetName=NetR7_1 Pin=SW4-3
Added Net: Name=NetR7_1
Added Pin To Net: NetName=NetR8_1 Pin=R8-1
Added Pin To Net: NetName=NetR8_1 Pin=SW5-3
Added Net: Name=NetR8_1
Added Member To Class: ClassName=Sheet3 Member=Component R5 10k
Added Member To Class: ClassName=Sheet3 Member=Component R6 10k
Added Member To Class: ClassName=Sheet3 Member=Component R7 10k
Added Member To Class: ClassName=Sheet3 Member=Component R8 10k
Added Member To Class: ClassName=Sheet3 Member=Component SW2 Button1
Added Member To Class: ClassName=Sheet3 Member=Component SW3 Button1
Added Member To Class: ClassName=Sheet3 Member=Component SW4 Button1
Added Member To Class: ClassName=Sheet3 Member=Component SW5 Button1
Added Room: Name=Sheet3
