Added Component: Designator=J1(Header 8x2 TH Pitch 2.54mm)
Add component. Clean all parameters for all variants
Added Component: Designator=J2(Header 8x2 TH Pitch 2.54mm)
Add component. Clean all parameters for all variants
Added Component: Designator=J3(Header 8x2 TH Pitch 2.54mm)
Add component. Clean all parameters for all variants
Added Component: Designator=J4(Header 8x2 TH Pitch 2.54mm)
Add component. Clean all parameters for all variants
Added Component: Designator=U1(SOCKET-ADAPTER-OTQ-64-05-03)
Add component. Clean all parameters for all variants
Added Pin To Net: NetName=PIN1 Pin=J1-1
Added Pin To Net: NetName=PIN1 Pin=U1-1
Added Net: Name=PIN1
Added Pin To Net: NetName=PIN2 Pin=J1-2
Added Pin To Net: NetName=PIN2 Pin=U1-2
Added Net: Name=PIN2
Added Pin To Net: NetName=PIN3 Pin=J1-3
Added Pin To Net: NetName=PIN3 Pin=U1-3
Added Net: Name=PIN3
Added Pin To Net: NetName=PIN4 Pin=J1-4
Added Pin To Net: NetName=PIN4 Pin=U1-4
Added Net: Name=PIN4
Added Pin To Net: NetName=PIN5 Pin=J1-5
Added Pin To Net: NetName=PIN5 Pin=U1-5
Added Net: Name=PIN5
Added Pin To Net: NetName=PIN6 Pin=J1-6
Added Pin To Net: NetName=PIN6 Pin=U1-6
Added Net: Name=PIN6
Added Pin To Net: NetName=PIN7 Pin=J1-7
Added Pin To Net: NetName=PIN7 Pin=U1-7
Added Net: Name=PIN7
Added Pin To Net: NetName=PIN8 Pin=J1-8
Added Pin To Net: NetName=PIN8 Pin=U1-8
Added Net: Name=PIN8
Added Pin To Net: NetName=PIN9 Pin=J1-9
Added Pin To Net: NetName=PIN9 Pin=U1-9
Added Net: Name=PIN9
Added Pin To Net: NetName=PIN10 Pin=J1-10
Added Pin To Net: NetName=PIN10 Pin=U1-10
Added Net: Name=PIN10
Added Pin To Net: NetName=PIN11 Pin=J1-11
Added Pin To Net: NetName=PIN11 Pin=U1-11
Added Net: Name=PIN11
Added Pin To Net: NetName=PIN12 Pin=J1-12
Added Pin To Net: NetName=PIN12 Pin=U1-12
Added Net: Name=PIN12
Added Pin To Net: NetName=PIN13 Pin=J1-13
Added Pin To Net: NetName=PIN13 Pin=U1-13
Added Net: Name=PIN13
Added Pin To Net: NetName=PIN14 Pin=J1-14
Added Pin To Net: NetName=PIN14 Pin=U1-14
Added Net: Name=PIN14
Added Pin To Net: NetName=PIN15 Pin=J1-15
Added Pin To Net: NetName=PIN15 Pin=U1-15
Added Net: Name=PIN15
Added Pin To Net: NetName=PIN16 Pin=J1-16
Added Pin To Net: NetName=PIN16 Pin=U1-16
Added Net: Name=PIN16
Added Pin To Net: NetName=PIN17 Pin=J2-1
Added Pin To Net: NetName=PIN17 Pin=U1-17
Added Net: Name=PIN17
Added Pin To Net: NetName=PIN18 Pin=J2-2
Added Pin To Net: NetName=PIN18 Pin=U1-18
Added Net: Name=PIN18
Added Pin To Net: NetName=PIN19 Pin=J2-3
Added Pin To Net: NetName=PIN19 Pin=U1-19
Added Net: Name=PIN19
Added Pin To Net: NetName=PIN20 Pin=J2-4
Added Pin To Net: NetName=PIN20 Pin=U1-20
Added Net: Name=PIN20
Added Pin To Net: NetName=PIN21 Pin=J2-5
Added Pin To Net: NetName=PIN21 Pin=U1-21
Added Net: Name=PIN21
Added Pin To Net: NetName=PIN22 Pin=J2-6
Added Pin To Net: NetName=PIN22 Pin=U1-22
Added Net: Name=PIN22
Added Pin To Net: NetName=PIN23 Pin=J2-7
Added Pin To Net: NetName=PIN23 Pin=U1-23
Added Net: Name=PIN23
Added Pin To Net: NetName=PIN24 Pin=J2-8
Added Pin To Net: NetName=PIN24 Pin=U1-24
Added Net: Name=PIN24
Added Pin To Net: NetName=PIN25 Pin=J2-9
Added Pin To Net: NetName=PIN25 Pin=U1-25
Added Net: Name=PIN25
Added Pin To Net: NetName=PIN26 Pin=J2-10
Added Pin To Net: NetName=PIN26 Pin=U1-26
Added Net: Name=PIN26
Added Pin To Net: NetName=PIN27 Pin=J2-11
Added Pin To Net: NetName=PIN27 Pin=U1-27
Added Net: Name=PIN27
Added Pin To Net: NetName=PIN28 Pin=J2-12
Added Pin To Net: NetName=PIN28 Pin=U1-28
Added Net: Name=PIN28
Added Pin To Net: NetName=PIN29 Pin=J2-13
Added Pin To Net: NetName=PIN29 Pin=U1-29
Added Net: Name=PIN29
Added Pin To Net: NetName=PIN30 Pin=J2-14
Added Pin To Net: NetName=PIN30 Pin=U1-30
Added Net: Name=PIN30
Added Pin To Net: NetName=PIN31 Pin=J2-15
Added Pin To Net: NetName=PIN31 Pin=U1-31
Added Net: Name=PIN31
Added Pin To Net: NetName=PIN32 Pin=J2-16
Added Pin To Net: NetName=PIN32 Pin=U1-32
Added Net: Name=PIN32
Added Pin To Net: NetName=PIN33 Pin=J3-1
Added Pin To Net: NetName=PIN33 Pin=U1-33
Added Net: Name=PIN33
Added Pin To Net: NetName=PIN34 Pin=J3-2
Added Pin To Net: NetName=PIN34 Pin=U1-34
Added Net: Name=PIN34
Added Pin To Net: NetName=PIN35 Pin=J3-3
Added Pin To Net: NetName=PIN35 Pin=U1-35
Added Net: Name=PIN35
Added Pin To Net: NetName=PIN36 Pin=J3-4
Added Pin To Net: NetName=PIN36 Pin=U1-36
Added Net: Name=PIN36
Added Pin To Net: NetName=PIN37 Pin=J3-5
Added Pin To Net: NetName=PIN37 Pin=U1-37
Added Net: Name=PIN37
Added Pin To Net: NetName=PIN38 Pin=J3-6
Added Pin To Net: NetName=PIN38 Pin=U1-38
Added Net: Name=PIN38
Added Pin To Net: NetName=PIN39 Pin=J3-7
Added Pin To Net: NetName=PIN39 Pin=U1-39
Added Net: Name=PIN39
Added Pin To Net: NetName=PIN40 Pin=J3-8
Added Pin To Net: NetName=PIN40 Pin=U1-40
Added Net: Name=PIN40
Added Pin To Net: NetName=PIN41 Pin=J3-9
Added Pin To Net: NetName=PIN41 Pin=U1-41
Added Net: Name=PIN41
Added Pin To Net: NetName=PIN42 Pin=J3-10
Added Pin To Net: NetName=PIN42 Pin=U1-42
Added Net: Name=PIN42
Added Pin To Net: NetName=PIN43 Pin=J3-11
Added Pin To Net: NetName=PIN43 Pin=U1-43
Added Net: Name=PIN43
Added Pin To Net: NetName=PIN44 Pin=J3-12
Added Pin To Net: NetName=PIN44 Pin=U1-44
Added Net: Name=PIN44
Added Pin To Net: NetName=PIN45 Pin=J3-13
Added Pin To Net: NetName=PIN45 Pin=U1-45
Added Net: Name=PIN45
Added Pin To Net: NetName=PIN46 Pin=J3-14
Added Pin To Net: NetName=PIN46 Pin=U1-46
Added Net: Name=PIN46
Added Pin To Net: NetName=PIN47 Pin=J3-15
Added Pin To Net: NetName=PIN47 Pin=U1-47
Added Net: Name=PIN47
Added Pin To Net: NetName=PIN48 Pin=J3-16
Added Pin To Net: NetName=PIN48 Pin=U1-48
Added Net: Name=PIN48
Added Pin To Net: NetName=PIN49 Pin=J4-1
Added Pin To Net: NetName=PIN49 Pin=U1-49
Added Net: Name=PIN49
Added Pin To Net: NetName=PIN50 Pin=J4-2
Added Pin To Net: NetName=PIN50 Pin=U1-50
Added Net: Name=PIN50
Added Pin To Net: NetName=PIN51 Pin=J4-3
Added Pin To Net: NetName=PIN51 Pin=U1-51
Added Net: Name=PIN51
Added Pin To Net: NetName=PIN52 Pin=J4-4
Added Pin To Net: NetName=PIN52 Pin=U1-52
Added Net: Name=PIN52
Added Pin To Net: NetName=PIN53 Pin=J4-5
Added Pin To Net: NetName=PIN53 Pin=U1-53
Added Net: Name=PIN53
Added Pin To Net: NetName=PIN54 Pin=J4-6
Added Pin To Net: NetName=PIN54 Pin=U1-54
Added Net: Name=PIN54
Added Pin To Net: NetName=PIN55 Pin=J4-7
Added Pin To Net: NetName=PIN55 Pin=U1-55
Added Net: Name=PIN55
Added Pin To Net: NetName=PIN56 Pin=J4-8
Added Pin To Net: NetName=PIN56 Pin=U1-56
Added Net: Name=PIN56
Added Pin To Net: NetName=PIN57 Pin=J4-9
Added Pin To Net: NetName=PIN57 Pin=U1-57
Added Net: Name=PIN57
Added Pin To Net: NetName=PIN58 Pin=J4-10
Added Pin To Net: NetName=PIN58 Pin=U1-58
Added Net: Name=PIN58
Added Pin To Net: NetName=PIN59 Pin=J4-11
Added Pin To Net: NetName=PIN59 Pin=U1-59
Added Net: Name=PIN59
Added Pin To Net: NetName=PIN60 Pin=J4-12
Added Pin To Net: NetName=PIN60 Pin=U1-60
Added Net: Name=PIN60
Added Pin To Net: NetName=PIN61 Pin=J4-13
Added Pin To Net: NetName=PIN61 Pin=U1-61
Added Net: Name=PIN61
Added Pin To Net: NetName=PIN62 Pin=J4-14
Added Pin To Net: NetName=PIN62 Pin=U1-62
Added Net: Name=PIN62
Added Pin To Net: NetName=PIN63 Pin=J4-15
Added Pin To Net: NetName=PIN63 Pin=U1-63
Added Net: Name=PIN63
Added Pin To Net: NetName=PIN64 Pin=J4-16
Added Pin To Net: NetName=PIN64 Pin=U1-64
Added Net: Name=PIN64
Added Class: Name=Sheet2
Added Room: Name=Sheet2
