Removed Pin From Net: NetName=NetR1_1 Pin=R1-1
Removed Pin From Net: NetName=NetR1_1 Pin=U1-7
Added Component: Designator=J2(Header 5x1 TH Pitch 2.54mm)
Add component. Clean all parameters for all variants
Added Pin To Net: NetName=GND Pin=J2-1
Added Pin To Net: NetName=NetR1_1 Pin=J2-4
Added Pin To Net: NetName=VCC Pin=J2-5
Added Pin To Net: NetName=NetR1_1 Pin=U1-34
Change Net Name : Old Net Name=NetR1_1 New Net Name=SWDIO
Added Pin To Net: NetName=nRST Pin=J2-2
Added Pin To Net: NetName=nRST Pin=R1-1
Added Pin To Net: NetName=nRST Pin=U1-7
Added Net: Name=nRST
Added Pin To Net: NetName=SWCLK Pin=J2-3
Added Pin To Net: NetName=SWCLK Pin=U1-37
Added Net: Name=SWCLK
Added Member To Class: ClassName=Sheet1 Member=Component J2 SWD
Added Member To Class: ClassName=Sheet1 Member=Component LED2 1088AS/BS
Added Member To Class: ClassName=Sheet1 Member=Component LED5 1088AS/BS
Added Room: Name=Sheet1
