Added Component: Designator=C1(C0805)
Add component. Clean all parameters for all variants
Added Component: Designator=C2(C0805)
Add component. Clean all parameters for all variants
Added Component: Designator=D1(TO-269AA)
Add component. Clean all parameters for all variants
Added Component: Designator=J1(Header 2x1 TH Pitch 2.54mm)
Add component. Clean all parameters for all variants
Added Pin To Net: NetName=GND Pin=C1-1
Added Pin To Net: NetName=GND Pin=C2-1
Added Pin To Net: NetName=VCC Pin=C2-2
Added Pin To Net: NetName=GND Pin=D1-4
Added Pin To Net: NetName=GND Pin=U2-1
Added Pin To Net: NetName=VCC Pin=U2-2
Added Pin To Net: NetName=VCC Pin=U2-2
Added Pin To Net: NetName=NetC1_2 Pin=C1-2
Added Pin To Net: NetName=NetC1_2 Pin=D1-3
Added Pin To Net: NetName=NetC1_2 Pin=U2-3
Added Net: Name=NetC1_2
Added Pin To Net: NetName=NetD1_1 Pin=D1-1
Added Pin To Net: NetName=NetD1_1 Pin=J1-1
Added Net: Name=NetD1_1
Added Pin To Net: NetName=NetD1_2 Pin=D1-2
Added Pin To Net: NetName=NetD1_2 Pin=J1-2
Added Net: Name=NetD1_2
Added Member To Class: ClassName=Sheet1 Member=Component C1 102pF
Added Member To Class: ClassName=Sheet1 Member=Component C2 102pF
Added Member To Class: ClassName=Sheet1 Member=Component D1 MB2S
Added Member To Class: ClassName=Sheet1 Member=Component J1 Power
Added Room: Name=Sheet1
