Removed Pin From Net: NetName=VCC Pin=C2-2
Removed Pin From Net: NetName=VCC Pin=LDR1-2
Removed Pin From Net: NetName=VCC Pin=R1-2
Removed Pin From Net: NetName=VCC Pin=SWD-5
Removed Pin From Net: NetName=VCC Pin=U2-2
Removed Pin From Net: NetName=VCC Pin=U2-2
Removed Pin From Net: NetName=VCC Pin=U9-1
Change Component Designator: OldDesignator=SWD NewDesignator=J2
Added Component: Designator=U?(TO220A_WITH_HEATSINK)
Add component. Clean all parameters for all variants
Added Pin To Net: NetName=3.3V Pin=C2-2
Added Pin To Net: NetName=3.3V Pin=J2-5
Added Pin To Net: NetName=3.3V Pin=LDR1-2
Added Pin To Net: NetName=3.3V Pin=R1-2
Added Pin To Net: NetName=3.3V Pin=U2-2
Added Pin To Net: NetName=3.3V Pin=U2-2
Added Pin To Net: NetName=3.3V Pin=U9-1
Added Pin To Net: NetName=NetC1_2 Pin=U?-1
Added Pin To Net: NetName=GND Pin=U?-2
Added Pin To Net: NetName=VCC Pin=U?-3
Added Member To Class: ClassName=Sheet1 Member=Component U2 AMS1117
Added Member To Class: ClassName=Sheet1 Member=Component U? LM7805
Added Room: Name=Sheet1
