Added Component: Designator=C3(C0805)
Add component. Clean all parameters for all variants
Added Component: Designator=C4(C0805)
Add component. Clean all parameters for all variants
Added Component: Designator=LDR1(LDR_CELL_THRU_HOLE)
Add component. Clean all parameters for all variants
Added Component: Designator=R2(R0805)
Add component. Clean all parameters for all variants
Added Component: Designator=R3(R0805)
Add component. Clean all parameters for all variants
Added Component: Designator=R4(R0805)
Add component. Clean all parameters for all variants
Added Component: Designator=U9(TO92A)
Add component. Clean all parameters for all variants
Added Component: Designator=Y1(DT-26)
Add component. Clean all parameters for all variants
Added Pin To Net: NetName=GND Pin=C3-1
Added Pin To Net: NetName=GND Pin=C4-1
Added Pin To Net: NetName=VCC Pin=LDR1-2
Added Pin To Net: NetName=GND Pin=R4-2
Added Pin To Net: NetName=NetU3_13 Pin=U1-42
Added Pin To Net: NetName=VCC Pin=U9-1
Added Pin To Net: NetName=GND Pin=U9-3
Change Net Name : Old Net Name=NetU3_13 New Net Name=NetU1_42
Added Pin To Net: NetName=NetC3_2 Pin=C3-2
Added Pin To Net: NetName=NetC3_2 Pin=R2-2
Added Pin To Net: NetName=NetC3_2 Pin=U1-3
Added Pin To Net: NetName=NetC3_2 Pin=Y1-1
Added Net: Name=NetC3_2
Added Pin To Net: NetName=NetC4_2 Pin=C4-2
Added Pin To Net: NetName=NetC4_2 Pin=R2-1
Added Pin To Net: NetName=NetC4_2 Pin=U1-4
Added Pin To Net: NetName=NetC4_2 Pin=Y1-2
Added Net: Name=NetC4_2
Added Pin To Net: NetName=NetLDR1_1 Pin=LDR1-1
Added Pin To Net: NetName=NetLDR1_1 Pin=R3-1
Added Pin To Net: NetName=NetLDR1_1 Pin=R4-1
Added Net: Name=NetLDR1_1
Added Pin To Net: NetName=NetR3_2 Pin=R3-2
Added Pin To Net: NetName=NetR3_2 Pin=U1-14
Added Net: Name=NetR3_2
Added Pin To Net: NetName=NetU1_13 Pin=U1-13
Added Pin To Net: NetName=NetU1_13 Pin=U9-2
Added Net: Name=NetU1_13
Added Member To Class: ClassName=Sheet1 Member=Component C3 102pF
Added Member To Class: ClassName=Sheet1 Member=Component C4 102pF
Added Member To Class: ClassName=Sheet1 Member=Component LDR1 LDR
Added Member To Class: ClassName=Sheet1 Member=Component R2 1M
Added Member To Class: ClassName=Sheet1 Member=Component R3 10k
Added Member To Class: ClassName=Sheet1 Member=Component R4 10k
Added Member To Class: ClassName=Sheet1 Member=Component U9 LM35
Added Member To Class: ClassName=Sheet1 Member=Component Y1 32.768KHz
Added Room: Name=Sheet1
